2019-11-11 03:56:01,183 [Worker-3: Loading available Gradle versions] INFO  o.e.b.c.i.u.g.PublishedGradleVersions - Gradle version information cache is up-to-date. Trying to read.
2019-11-11 03:57:49,336 [ModalContext] INFO  o.e.m.c.i.e.AbstractTransferListenerAdapter - Downloading https://repo.maven.apache.org/maven2/org/apache/maven/archetypes/maven-archetype-quickstart/1.1/maven-archetype-quickstart-1.1.jar
2019-11-11 03:57:49,400 [ModalContext] INFO  o.e.m.c.i.e.AbstractTransferListenerAdapter - Downloaded https://repo.maven.apache.org/maven2/org/apache/maven/archetypes/maven-archetype-quickstart/1.1/maven-archetype-quickstart-1.1.jar
2019-11-11 03:57:49,424 [ModalContext] INFO  o.e.m.c.i.e.AbstractTransferListenerAdapter - Downloading https://repo.maven.apache.org/maven2/org/apache/maven/archetypes/maven-archetype-quickstart/1.1/maven-archetype-quickstart-1.1.pom
2019-11-11 03:57:49,449 [ModalContext] INFO  o.e.m.c.i.e.AbstractTransferListenerAdapter - Downloaded https://repo.maven.apache.org/maven2/org/apache/maven/archetypes/maven-archetype-quickstart/1.1/maven-archetype-quickstart-1.1.pom
2019-11-11 03:58:06,904 [Worker-19: Creating maven-archetype-quickstart] INFO  o.e.m.c.i.p.ProjectConfigurationManager - Collecting project info '/pom.xml' E:\SEW\3 - XML\Ejercicio-3-4\EclipseWorkspace\1\pom.xml
2019-11-11 03:58:10,244 [Worker-19: Creating maven-archetype-quickstart] INFO  o.e.m.c.i.l.LifecycleMappingFactory - Using org.eclipse.m2e.jdt.JarLifecycleMapping lifecycle mapping for MavenProject: 1:1:0.0.1-SNAPSHOT @ E:\SEW\3 - XML\Ejercicio-3-4\EclipseWorkspace\1\pom.xml.
2019-11-11 03:58:12,726 [Worker-19: Creating maven-archetype-quickstart] INFO  o.e.m.j.i.AbstractJavaProjectConfigurator - Adding source folder /1/src/main/java
2019-11-11 03:58:12,778 [Worker-19: Creating maven-archetype-quickstart] INFO  o.e.m.j.i.AbstractJavaProjectConfigurator - Adding source folder /1/src/test/java
2019-11-11 03:58:12,885 [Worker-12: Download sources and javadoc] INFO  o.e.m.c.i.e.AbstractTransferListenerAdapter - Downloading https://repo.maven.apache.org/maven2/junit/junit/3.8.1/junit-3.8.1-sources.jar
2019-11-11 03:58:13,022 [Worker-12: Download sources and javadoc] INFO  o.e.m.c.i.e.AbstractTransferListenerAdapter - Downloaded https://repo.maven.apache.org/maven2/junit/junit/3.8.1/junit-3.8.1-sources.jar
2019-11-11 03:58:13,586 [Worker-19: Creating maven-archetype-quickstart] INFO  o.e.m.c.i.p.ProjectConfigurationManager - Imported and configured 1 project(s) in 6 sec
2019-11-11 03:58:14,087 [Worker-12: Download sources and javadoc] INFO  o.e.m.j.internal.DownloadSourcesJob - Downloaded sources for junit:junit:3.8.1
2019-11-11 03:58:15,011 [Worker-11: Building workspace] INFO  o.e.m.c.i.embedder.EclipseLogger - Using 'UTF-8' encoding to copy filtered resources.
2019-11-11 03:58:15,012 [Worker-11: Building workspace] INFO  o.e.m.c.i.embedder.EclipseLogger - skip non existing resourceDirectory E:\SEW\3 - XML\Ejercicio-3-4\EclipseWorkspace\1\src\main\resources
2019-11-11 03:58:15,013 [Worker-11: Building workspace] INFO  o.e.m.c.i.embedder.EclipseLogger - Using 'UTF-8' encoding to copy filtered resources.
2019-11-11 03:58:15,013 [Worker-11: Building workspace] INFO  o.e.m.c.i.embedder.EclipseLogger - skip non existing resourceDirectory E:\SEW\3 - XML\Ejercicio-3-4\EclipseWorkspace\1\src\test\resources
2019-11-11 03:58:48,938 [Worker-19: Building workspace] INFO  o.e.m.c.i.l.LifecycleMappingFactory - Using org.eclipse.m2e.jdt.JarLifecycleMapping lifecycle mapping for MavenProject: 1:1:0.0.1-SNAPSHOT @ E:\SEW\3 - XML\Ejercicio-3-4\EclipseWorkspace\Ejercicio 3\pom.xml.
2019-11-11 03:58:49,559 [Worker-19: Building workspace] INFO  o.e.m.c.i.embedder.EclipseLogger - Using 'UTF-8' encoding to copy filtered resources.
2019-11-11 03:58:49,560 [Worker-19: Building workspace] INFO  o.e.m.c.i.embedder.EclipseLogger - skip non existing resourceDirectory E:\SEW\3 - XML\Ejercicio-3-4\EclipseWorkspace\Ejercicio 3\src\main\resources
2019-11-11 03:58:49,561 [Worker-19: Building workspace] INFO  o.e.m.c.i.embedder.EclipseLogger - Using 'UTF-8' encoding to copy filtered resources.
2019-11-11 03:58:49,562 [Worker-19: Building workspace] INFO  o.e.m.c.i.embedder.EclipseLogger - skip non existing resourceDirectory E:\SEW\3 - XML\Ejercicio-3-4\EclipseWorkspace\Ejercicio 3\src\test\resources
2019-11-11 03:58:51,197 [Worker-12: Building workspace] INFO  o.e.m.c.i.embedder.EclipseLogger - Using 'UTF-8' encoding to copy filtered resources.
2019-11-11 03:58:51,197 [Worker-12: Building workspace] INFO  o.e.m.c.i.embedder.EclipseLogger - skip non existing resourceDirectory E:\SEW\3 - XML\Ejercicio-3-4\EclipseWorkspace\Ejercicio 3\src\main\resources
2019-11-11 03:58:51,199 [Worker-12: Building workspace] INFO  o.e.m.c.i.embedder.EclipseLogger - Using 'UTF-8' encoding to copy filtered resources.
2019-11-11 03:58:51,199 [Worker-12: Building workspace] INFO  o.e.m.c.i.embedder.EclipseLogger - skip non existing resourceDirectory E:\SEW\3 - XML\Ejercicio-3-4\EclipseWorkspace\Ejercicio 3\src\test\resources
2019-11-11 03:58:52,951 [Worker-4: Building workspace] INFO  o.e.m.c.i.embedder.EclipseLogger - Using 'UTF-8' encoding to copy filtered resources.
2019-11-11 03:58:52,952 [Worker-4: Building workspace] INFO  o.e.m.c.i.embedder.EclipseLogger - skip non existing resourceDirectory E:\SEW\3 - XML\Ejercicio-3-4\EclipseWorkspace\Ejercicio 3\src\main\resources
2019-11-11 03:58:52,953 [Worker-4: Building workspace] INFO  o.e.m.c.i.embedder.EclipseLogger - Using 'UTF-8' encoding to copy filtered resources.
2019-11-11 03:58:52,953 [Worker-4: Building workspace] INFO  o.e.m.c.i.embedder.EclipseLogger - skip non existing resourceDirectory E:\SEW\3 - XML\Ejercicio-3-4\EclipseWorkspace\Ejercicio 3\src\test\resources
2019-11-11 03:59:38,651 [Worker-14: Creating maven-archetype-quickstart] INFO  o.e.m.c.i.p.ProjectConfigurationManager - Collecting project info '/pom.xml' E:\SEW\3 - XML\Ejercicio-3-4\EclipseWorkspace\app\pom.xml
2019-11-11 03:59:39,078 [Worker-14: Creating maven-archetype-quickstart] INFO  o.e.m.c.i.l.LifecycleMappingFactory - Using org.eclipse.m2e.jdt.JarLifecycleMapping lifecycle mapping for MavenProject: Ejercicio_3:app:0.0.1-SNAPSHOT @ E:\SEW\3 - XML\Ejercicio-3-4\EclipseWorkspace\app\pom.xml.
2019-11-11 03:59:40,342 [Worker-14: Creating maven-archetype-quickstart] INFO  o.e.m.j.i.AbstractJavaProjectConfigurator - Adding source folder /app/src/main/java
2019-11-11 03:59:40,378 [Worker-14: Creating maven-archetype-quickstart] INFO  o.e.m.j.i.AbstractJavaProjectConfigurator - Adding source folder /app/src/test/java
2019-11-11 03:59:40,736 [Worker-14: Creating maven-archetype-quickstart] INFO  o.e.m.c.i.p.ProjectConfigurationManager - Imported and configured 1 project(s) in 2 sec
2019-11-11 03:59:41,013 [Worker-17: Building workspace] INFO  o.e.m.c.i.embedder.EclipseLogger - Using 'UTF-8' encoding to copy filtered resources.
2019-11-11 03:59:41,013 [Worker-17: Building workspace] INFO  o.e.m.c.i.embedder.EclipseLogger - skip non existing resourceDirectory E:\SEW\3 - XML\Ejercicio-3-4\EclipseWorkspace\app\src\main\resources
2019-11-11 03:59:41,014 [Worker-17: Building workspace] INFO  o.e.m.c.i.embedder.EclipseLogger - Using 'UTF-8' encoding to copy filtered resources.
2019-11-11 03:59:41,015 [Worker-17: Building workspace] INFO  o.e.m.c.i.embedder.EclipseLogger - skip non existing resourceDirectory E:\SEW\3 - XML\Ejercicio-3-4\EclipseWorkspace\app\src\test\resources
2019-11-11 04:00:08,649 [Worker-0: Building workspace] INFO  o.e.m.c.i.l.LifecycleMappingFactory - Using org.eclipse.m2e.jdt.JarLifecycleMapping lifecycle mapping for MavenProject: app:Ejercicio_3:0.0.1-SNAPSHOT @ E:\SEW\3 - XML\Ejercicio-3-4\EclipseWorkspace\app\pom.xml.
2019-11-11 04:00:10,286 [Worker-0: Building workspace] INFO  o.e.m.c.i.embedder.EclipseLogger - Using 'UTF-8' encoding to copy filtered resources.
2019-11-11 04:00:10,287 [Worker-0: Building workspace] INFO  o.e.m.c.i.embedder.EclipseLogger - skip non existing resourceDirectory E:\SEW\3 - XML\Ejercicio-3-4\EclipseWorkspace\app\src\main\resources
2019-11-11 04:00:10,288 [Worker-0: Building workspace] INFO  o.e.m.c.i.embedder.EclipseLogger - Using 'UTF-8' encoding to copy filtered resources.
2019-11-11 04:00:10,288 [Worker-0: Building workspace] INFO  o.e.m.c.i.embedder.EclipseLogger - skip non existing resourceDirectory E:\SEW\3 - XML\Ejercicio-3-4\EclipseWorkspace\app\src\test\resources
2019-11-11 04:00:23,655 [Worker-2: Building workspace] INFO  o.e.m.c.i.l.LifecycleMappingFactory - Using org.eclipse.m2e.jdt.JarLifecycleMapping lifecycle mapping for MavenProject: app:Ejercicio_3:0.0.1-SNAPSHOT @ E:\SEW\3 - XML\Ejercicio-3-4\EclipseWorkspace\Ejercicio_3\pom.xml.
2019-11-11 04:00:24,224 [Worker-2: Building workspace] INFO  o.e.m.c.i.embedder.EclipseLogger - Using 'UTF-8' encoding to copy filtered resources.
2019-11-11 04:00:24,224 [Worker-2: Building workspace] INFO  o.e.m.c.i.embedder.EclipseLogger - skip non existing resourceDirectory E:\SEW\3 - XML\Ejercicio-3-4\EclipseWorkspace\Ejercicio_3\src\main\resources
2019-11-11 04:00:24,224 [Worker-2: Building workspace] INFO  o.e.m.c.i.embedder.EclipseLogger - Using 'UTF-8' encoding to copy filtered resources.
2019-11-11 04:00:24,224 [Worker-2: Building workspace] INFO  o.e.m.c.i.embedder.EclipseLogger - skip non existing resourceDirectory E:\SEW\3 - XML\Ejercicio-3-4\EclipseWorkspace\Ejercicio_3\src\test\resources
2019-11-11 04:00:26,139 [Worker-4: Building workspace] INFO  o.e.m.c.i.embedder.EclipseLogger - Using 'UTF-8' encoding to copy filtered resources.
2019-11-11 04:00:26,139 [Worker-4: Building workspace] INFO  o.e.m.c.i.embedder.EclipseLogger - skip non existing resourceDirectory E:\SEW\3 - XML\Ejercicio-3-4\EclipseWorkspace\Ejercicio_3\src\main\resources
2019-11-11 04:00:26,140 [Worker-4: Building workspace] INFO  o.e.m.c.i.embedder.EclipseLogger - Using 'UTF-8' encoding to copy filtered resources.
2019-11-11 04:00:26,141 [Worker-4: Building workspace] INFO  o.e.m.c.i.embedder.EclipseLogger - skip non existing resourceDirectory E:\SEW\3 - XML\Ejercicio-3-4\EclipseWorkspace\Ejercicio_3\src\test\resources
2019-11-11 04:02:03,448 [Worker-12: Building workspace] INFO  o.e.m.c.i.embedder.EclipseLogger - Using 'UTF-8' encoding to copy filtered resources.
2019-11-11 04:02:03,448 [Worker-12: Building workspace] INFO  o.e.m.c.i.embedder.EclipseLogger - skip non existing resourceDirectory E:\SEW\3 - XML\Ejercicio-3-4\EclipseWorkspace\Ejercicio_3\src\main\resources
2019-11-11 04:02:03,449 [Worker-12: Building workspace] INFO  o.e.m.c.i.embedder.EclipseLogger - Using 'UTF-8' encoding to copy filtered resources.
2019-11-11 04:02:03,449 [Worker-12: Building workspace] INFO  o.e.m.c.i.embedder.EclipseLogger - skip non existing resourceDirectory E:\SEW\3 - XML\Ejercicio-3-4\EclipseWorkspace\Ejercicio_3\src\test\resources
2019-11-11 04:02:07,787 [Worker-12: Building workspace] INFO  o.e.m.c.i.l.LifecycleMappingFactory - Using org.eclipse.m2e.jdt.JarLifecycleMapping lifecycle mapping for MavenProject: app:Ejercicio_3:0.0.1-SNAPSHOT @ E:\SEW\3 - XML\Ejercicio-3-4\EclipseWorkspace\Ejercicio_3\pom.xml.
2019-11-11 04:02:08,021 [Worker-12: Building workspace] INFO  o.e.m.c.i.e.AbstractTransferListenerAdapter - Downloading https://repo.maven.apache.org/maven2/javax/xml/jaxb-api/2.1/jaxb-api-2.1.pom
2019-11-11 04:02:08,073 [Worker-12: Building workspace] INFO  o.e.m.c.i.e.AbstractTransferListenerAdapter - Downloaded https://repo.maven.apache.org/maven2/javax/xml/jaxb-api/2.1/jaxb-api-2.1.pom
2019-11-11 04:02:08,128 [Worker-12: Building workspace] INFO  o.e.m.c.i.e.AbstractTransferListenerAdapter - Downloading https://repo.maven.apache.org/maven2/javax/xml/bind/jaxb-api/2.1/jaxb-api-2.1.pom
2019-11-11 04:02:08,179 [Worker-12: Building workspace] INFO  o.e.m.c.i.e.AbstractTransferListenerAdapter - Downloaded https://repo.maven.apache.org/maven2/javax/xml/bind/jaxb-api/2.1/jaxb-api-2.1.pom
2019-11-11 04:02:08,229 [Worker-12: Building workspace] INFO  o.e.m.c.i.e.AbstractTransferListenerAdapter - Downloading https://repo.maven.apache.org/maven2/javax/xml/stream/stax-api/1.0-2/stax-api-1.0-2.pom
2019-11-11 04:02:08,282 [Worker-12: Building workspace] INFO  o.e.m.c.i.e.AbstractTransferListenerAdapter - Downloaded https://repo.maven.apache.org/maven2/javax/xml/stream/stax-api/1.0-2/stax-api-1.0-2.pom
2019-11-11 04:02:08,335 [Worker-12: Building workspace] INFO  o.e.m.c.i.e.AbstractTransferListenerAdapter - Downloading https://repo.maven.apache.org/maven2/javax/activation/activation/1.1/activation-1.1.pom
2019-11-11 04:02:08,386 [Worker-12: Building workspace] INFO  o.e.m.c.i.e.AbstractTransferListenerAdapter - Downloaded https://repo.maven.apache.org/maven2/javax/activation/activation/1.1/activation-1.1.pom
2019-11-11 04:02:08,396 [Worker-12: Building workspace] WARN  o.e.m.c.i.embedder.EclipseLogger - The artifact javax.xml:jaxb-api:jar:2.1 has been relocated to javax.xml.bind:jaxb-api:jar:2.1
2019-11-11 04:02:09,020 [Worker-12: Building workspace] INFO  o.e.m.c.i.e.AbstractTransferListenerAdapter - Downloading https://repo.maven.apache.org/maven2/javax/xml/bind/jaxb-api/2.1/jaxb-api-2.1.jar
2019-11-11 04:02:09,220 [Worker-12: Building workspace] INFO  o.e.m.c.i.e.AbstractTransferListenerAdapter - Downloaded https://repo.maven.apache.org/maven2/javax/xml/bind/jaxb-api/2.1/jaxb-api-2.1.jar
2019-11-11 04:02:09,262 [Worker-12: Building workspace] INFO  o.e.m.c.i.e.AbstractTransferListenerAdapter - Downloading https://repo.maven.apache.org/maven2/javax/xml/stream/stax-api/1.0-2/stax-api-1.0-2.jar
2019-11-11 04:02:09,309 [Worker-12: Building workspace] INFO  o.e.m.c.i.e.AbstractTransferListenerAdapter - Downloaded https://repo.maven.apache.org/maven2/javax/xml/stream/stax-api/1.0-2/stax-api-1.0-2.jar
2019-11-11 04:02:09,353 [Worker-12: Building workspace] INFO  o.e.m.c.i.e.AbstractTransferListenerAdapter - Downloading https://repo.maven.apache.org/maven2/javax/activation/activation/1.1/activation-1.1.jar
2019-11-11 04:02:09,414 [Worker-12: Building workspace] INFO  o.e.m.c.i.e.AbstractTransferListenerAdapter - Downloaded https://repo.maven.apache.org/maven2/javax/activation/activation/1.1/activation-1.1.jar
2019-11-11 04:02:11,335 [Worker-16: Loading pom.xml] WARN  o.e.m.c.i.embedder.EclipseLogger - The artifact javax.xml:jaxb-api:jar:2.1 has been relocated to javax.xml.bind:jaxb-api:jar:2.1
2019-11-11 04:02:11,391 [Worker-12: Building workspace] INFO  o.e.m.c.i.embedder.EclipseLogger - Using 'UTF-8' encoding to copy filtered resources.
2019-11-11 04:02:11,391 [Worker-12: Building workspace] INFO  o.e.m.c.i.embedder.EclipseLogger - skip non existing resourceDirectory E:\SEW\3 - XML\Ejercicio-3-4\EclipseWorkspace\Ejercicio_3\src\main\resources
2019-11-11 04:02:11,392 [Worker-12: Building workspace] INFO  o.e.m.c.i.embedder.EclipseLogger - Using 'UTF-8' encoding to copy filtered resources.
2019-11-11 04:02:11,393 [Worker-12: Building workspace] INFO  o.e.m.c.i.embedder.EclipseLogger - skip non existing resourceDirectory E:\SEW\3 - XML\Ejercicio-3-4\EclipseWorkspace\Ejercicio_3\src\test\resources
2019-11-11 04:02:12,479 [Worker-9: Download sources and javadoc] INFO  o.e.m.c.i.e.AbstractTransferListenerAdapter - Downloading https://repo.maven.apache.org/maven2/javax/xml/bind/jaxb-api/2.1/jaxb-api-2.1-sources.jar
2019-11-11 04:02:12,575 [Worker-14: Building workspace] INFO  o.e.m.c.i.embedder.EclipseLogger - Using 'UTF-8' encoding to copy filtered resources.
2019-11-11 04:02:12,575 [Worker-14: Building workspace] INFO  o.e.m.c.i.embedder.EclipseLogger - skip non existing resourceDirectory E:\SEW\3 - XML\Ejercicio-3-4\EclipseWorkspace\Ejercicio_3\src\main\resources
2019-11-11 04:02:12,576 [Worker-14: Building workspace] INFO  o.e.m.c.i.embedder.EclipseLogger - Using 'UTF-8' encoding to copy filtered resources.
2019-11-11 04:02:12,576 [Worker-14: Building workspace] INFO  o.e.m.c.i.embedder.EclipseLogger - skip non existing resourceDirectory E:\SEW\3 - XML\Ejercicio-3-4\EclipseWorkspace\Ejercicio_3\src\test\resources
2019-11-11 04:02:12,675 [Worker-9: Download sources and javadoc] INFO  o.e.m.c.i.e.AbstractTransferListenerAdapter - Downloaded https://repo.maven.apache.org/maven2/javax/xml/bind/jaxb-api/2.1/jaxb-api-2.1-sources.jar
2019-11-11 04:02:13,615 [Worker-9: Download sources and javadoc] INFO  o.e.m.j.internal.DownloadSourcesJob - Downloaded sources for javax.xml.bind:jaxb-api:2.1
2019-11-11 04:02:13,827 [Worker-9: Download sources and javadoc] INFO  o.e.m.c.i.e.AbstractTransferListenerAdapter - Downloading https://repo.maven.apache.org/maven2/javax/xml/stream/stax-api/1.0-2/stax-api-1.0-2-sources.jar
2019-11-11 04:02:14,045 [Worker-9: Download sources and javadoc] INFO  o.e.m.c.i.e.AbstractTransferListenerAdapter - Downloaded https://repo.maven.apache.org/maven2/javax/xml/stream/stax-api/1.0-2/stax-api-1.0-2-sources.jar
2019-11-11 04:02:14,762 [Worker-9: Download sources and javadoc] INFO  o.e.m.j.internal.DownloadSourcesJob - Downloaded sources for javax.xml.stream:stax-api:1.0-2
2019-11-11 04:02:14,971 [Worker-9: Download sources and javadoc] INFO  o.e.m.c.i.e.AbstractTransferListenerAdapter - Downloading https://repo.maven.apache.org/maven2/javax/activation/activation/1.1/activation-1.1-sources.jar
2019-11-11 04:02:15,098 [Worker-9: Download sources and javadoc] INFO  o.e.m.c.i.e.AbstractTransferListenerAdapter - Downloaded https://repo.maven.apache.org/maven2/javax/activation/activation/1.1/activation-1.1-sources.jar
2019-11-11 04:02:16,167 [Worker-9: Download sources and javadoc] INFO  o.e.m.j.internal.DownloadSourcesJob - Downloaded sources for javax.activation:activation:1.1
2019-11-11 04:02:16,332 [Worker-4: Building workspace] INFO  o.e.m.c.i.embedder.EclipseLogger - Using 'UTF-8' encoding to copy filtered resources.
2019-11-11 04:02:16,332 [Worker-4: Building workspace] INFO  o.e.m.c.i.embedder.EclipseLogger - skip non existing resourceDirectory E:\SEW\3 - XML\Ejercicio-3-4\EclipseWorkspace\Ejercicio_3\src\main\resources
2019-11-11 04:02:16,334 [Worker-4: Building workspace] INFO  o.e.m.c.i.embedder.EclipseLogger - Using 'UTF-8' encoding to copy filtered resources.
2019-11-11 04:02:16,334 [Worker-4: Building workspace] INFO  o.e.m.c.i.embedder.EclipseLogger - skip non existing resourceDirectory E:\SEW\3 - XML\Ejercicio-3-4\EclipseWorkspace\Ejercicio_3\src\test\resources
2019-11-11 04:02:44,376 [Worker-11: Building workspace] INFO  o.e.m.c.i.embedder.EclipseLogger - Using 'UTF-8' encoding to copy filtered resources.
2019-11-11 04:02:44,376 [Worker-11: Building workspace] INFO  o.e.m.c.i.embedder.EclipseLogger - skip non existing resourceDirectory E:\SEW\3 - XML\Ejercicio-3-4\EclipseWorkspace\Ejercicio_3\src\main\resources
2019-11-11 04:02:44,377 [Worker-11: Building workspace] INFO  o.e.m.c.i.embedder.EclipseLogger - Using 'UTF-8' encoding to copy filtered resources.
2019-11-11 04:02:44,377 [Worker-11: Building workspace] INFO  o.e.m.c.i.embedder.EclipseLogger - skip non existing resourceDirectory E:\SEW\3 - XML\Ejercicio-3-4\EclipseWorkspace\Ejercicio_3\src\test\resources
2019-11-11 04:02:56,590 [Worker-0: Building workspace] INFO  o.e.m.c.i.embedder.EclipseLogger - Using 'UTF-8' encoding to copy filtered resources.
2019-11-11 04:02:56,590 [Worker-0: Building workspace] INFO  o.e.m.c.i.embedder.EclipseLogger - skip non existing resourceDirectory E:\SEW\3 - XML\Ejercicio-3-4\EclipseWorkspace\Ejercicio_3\src\main\resources
2019-11-11 04:02:56,593 [Worker-0: Building workspace] INFO  o.e.m.c.i.embedder.EclipseLogger - Using 'UTF-8' encoding to copy filtered resources.
2019-11-11 04:02:56,593 [Worker-0: Building workspace] INFO  o.e.m.c.i.embedder.EclipseLogger - skip non existing resourceDirectory E:\SEW\3 - XML\Ejercicio-3-4\EclipseWorkspace\Ejercicio_3\src\test\resources
2019-11-11 04:03:00,929 [Worker-13: Building workspace] INFO  o.e.m.c.i.embedder.EclipseLogger - Using 'UTF-8' encoding to copy filtered resources.
2019-11-11 04:03:00,930 [Worker-13: Building workspace] INFO  o.e.m.c.i.embedder.EclipseLogger - skip non existing resourceDirectory E:\SEW\3 - XML\Ejercicio-3-4\EclipseWorkspace\Ejercicio_3\src\main\resources
2019-11-11 04:03:00,930 [Worker-13: Building workspace] INFO  o.e.m.c.i.embedder.EclipseLogger - Using 'UTF-8' encoding to copy filtered resources.
2019-11-11 04:03:00,930 [Worker-13: Building workspace] INFO  o.e.m.c.i.embedder.EclipseLogger - skip non existing resourceDirectory E:\SEW\3 - XML\Ejercicio-3-4\EclipseWorkspace\Ejercicio_3\src\test\resources
2019-11-11 04:04:47,882 [Worker-11: Building workspace] INFO  o.e.m.c.i.embedder.EclipseLogger - Using 'UTF-8' encoding to copy filtered resources.
2019-11-11 04:04:47,882 [Worker-11: Building workspace] INFO  o.e.m.c.i.embedder.EclipseLogger - skip non existing resourceDirectory E:\SEW\3 - XML\Ejercicio-3-4\EclipseWorkspace\Ejercicio_3\src\main\resources
2019-11-11 04:04:47,884 [Worker-11: Building workspace] INFO  o.e.m.c.i.embedder.EclipseLogger - Using 'UTF-8' encoding to copy filtered resources.
2019-11-11 04:04:47,884 [Worker-11: Building workspace] INFO  o.e.m.c.i.embedder.EclipseLogger - skip non existing resourceDirectory E:\SEW\3 - XML\Ejercicio-3-4\EclipseWorkspace\Ejercicio_3\src\test\resources
2019-11-11 04:04:57,643 [Worker-16: Building workspace] INFO  o.e.m.c.i.embedder.EclipseLogger - Using 'UTF-8' encoding to copy filtered resources.
2019-11-11 04:04:57,643 [Worker-16: Building workspace] INFO  o.e.m.c.i.embedder.EclipseLogger - skip non existing resourceDirectory E:\SEW\3 - XML\Ejercicio-3-4\EclipseWorkspace\Ejercicio_3\src\main\resources
2019-11-11 04:04:57,645 [Worker-16: Building workspace] INFO  o.e.m.c.i.embedder.EclipseLogger - Using 'UTF-8' encoding to copy filtered resources.
2019-11-11 04:04:57,645 [Worker-16: Building workspace] INFO  o.e.m.c.i.embedder.EclipseLogger - skip non existing resourceDirectory E:\SEW\3 - XML\Ejercicio-3-4\EclipseWorkspace\Ejercicio_3\src\test\resources
2019-11-11 04:07:39,048 [Worker-11: Building workspace] INFO  o.e.m.c.i.embedder.EclipseLogger - Using 'UTF-8' encoding to copy filtered resources.
2019-11-11 04:07:39,048 [Worker-11: Building workspace] INFO  o.e.m.c.i.embedder.EclipseLogger - skip non existing resourceDirectory E:\SEW\3 - XML\Ejercicio-3-4\EclipseWorkspace\Ejercicio_3\src\main\resources
2019-11-11 04:07:39,049 [Worker-11: Building workspace] INFO  o.e.m.c.i.embedder.EclipseLogger - Using 'UTF-8' encoding to copy filtered resources.
2019-11-11 04:07:39,049 [Worker-11: Building workspace] INFO  o.e.m.c.i.embedder.EclipseLogger - skip non existing resourceDirectory E:\SEW\3 - XML\Ejercicio-3-4\EclipseWorkspace\Ejercicio_3\src\test\resources
2019-11-11 04:16:53,192 [Worker-2: Building workspace] INFO  o.e.m.c.i.embedder.EclipseLogger - Using 'UTF-8' encoding to copy filtered resources.
2019-11-11 04:16:53,192 [Worker-2: Building workspace] INFO  o.e.m.c.i.embedder.EclipseLogger - skip non existing resourceDirectory E:\SEW\3 - XML\Ejercicio-3-4\EclipseWorkspace\Ejercicio_3\src\main\resources
2019-11-11 04:16:53,193 [Worker-2: Building workspace] INFO  o.e.m.c.i.embedder.EclipseLogger - Using 'UTF-8' encoding to copy filtered resources.
2019-11-11 04:16:53,193 [Worker-2: Building workspace] INFO  o.e.m.c.i.embedder.EclipseLogger - skip non existing resourceDirectory E:\SEW\3 - XML\Ejercicio-3-4\EclipseWorkspace\Ejercicio_3\src\test\resources
2019-11-11 04:16:59,686 [Worker-20: Building workspace] INFO  o.e.m.c.i.embedder.EclipseLogger - Using 'UTF-8' encoding to copy filtered resources.
2019-11-11 04:16:59,686 [Worker-20: Building workspace] INFO  o.e.m.c.i.embedder.EclipseLogger - skip non existing resourceDirectory E:\SEW\3 - XML\Ejercicio-3-4\EclipseWorkspace\Ejercicio_3\src\main\resources
2019-11-11 04:16:59,687 [Worker-20: Building workspace] INFO  o.e.m.c.i.embedder.EclipseLogger - Using 'UTF-8' encoding to copy filtered resources.
2019-11-11 04:16:59,687 [Worker-20: Building workspace] INFO  o.e.m.c.i.embedder.EclipseLogger - skip non existing resourceDirectory E:\SEW\3 - XML\Ejercicio-3-4\EclipseWorkspace\Ejercicio_3\src\test\resources
2019-11-11 04:17:06,567 [Worker-23: Building workspace] INFO  o.e.m.c.i.embedder.EclipseLogger - Using 'UTF-8' encoding to copy filtered resources.
2019-11-11 04:17:06,567 [Worker-23: Building workspace] INFO  o.e.m.c.i.embedder.EclipseLogger - skip non existing resourceDirectory E:\SEW\3 - XML\Ejercicio-3-4\EclipseWorkspace\Ejercicio_3\src\main\resources
2019-11-11 04:17:06,568 [Worker-23: Building workspace] INFO  o.e.m.c.i.embedder.EclipseLogger - Using 'UTF-8' encoding to copy filtered resources.
2019-11-11 04:17:06,568 [Worker-23: Building workspace] INFO  o.e.m.c.i.embedder.EclipseLogger - skip non existing resourceDirectory E:\SEW\3 - XML\Ejercicio-3-4\EclipseWorkspace\Ejercicio_3\src\test\resources
2019-11-11 04:18:23,540 [Worker-21: Building workspace] INFO  o.e.m.c.i.embedder.EclipseLogger - Using 'UTF-8' encoding to copy filtered resources.
2019-11-11 04:18:23,540 [Worker-21: Building workspace] INFO  o.e.m.c.i.embedder.EclipseLogger - skip non existing resourceDirectory E:\SEW\3 - XML\Ejercicio-3-4\EclipseWorkspace\Ejercicio_3\src\main\resources
2019-11-11 04:18:23,541 [Worker-21: Building workspace] INFO  o.e.m.c.i.embedder.EclipseLogger - Using 'UTF-8' encoding to copy filtered resources.
2019-11-11 04:18:23,541 [Worker-21: Building workspace] INFO  o.e.m.c.i.embedder.EclipseLogger - skip non existing resourceDirectory E:\SEW\3 - XML\Ejercicio-3-4\EclipseWorkspace\Ejercicio_3\src\test\resources
2019-11-11 04:18:26,596 [Worker-23: Building workspace] INFO  o.e.m.c.i.embedder.EclipseLogger - Using 'UTF-8' encoding to copy filtered resources.
2019-11-11 04:18:26,596 [Worker-23: Building workspace] INFO  o.e.m.c.i.embedder.EclipseLogger - skip non existing resourceDirectory E:\SEW\3 - XML\Ejercicio-3-4\EclipseWorkspace\Ejercicio_3\src\main\resources
2019-11-11 04:18:26,597 [Worker-23: Building workspace] INFO  o.e.m.c.i.embedder.EclipseLogger - Using 'UTF-8' encoding to copy filtered resources.
2019-11-11 04:18:26,597 [Worker-23: Building workspace] INFO  o.e.m.c.i.embedder.EclipseLogger - skip non existing resourceDirectory E:\SEW\3 - XML\Ejercicio-3-4\EclipseWorkspace\Ejercicio_3\src\test\resources
2019-11-11 04:18:51,936 [Worker-3: Building workspace] INFO  o.e.m.c.i.embedder.EclipseLogger - Using 'UTF-8' encoding to copy filtered resources.
2019-11-11 04:18:51,936 [Worker-3: Building workspace] INFO  o.e.m.c.i.embedder.EclipseLogger - skip non existing resourceDirectory E:\SEW\3 - XML\Ejercicio-3-4\EclipseWorkspace\Ejercicio_3\src\main\resources
2019-11-11 04:18:51,936 [Worker-3: Building workspace] INFO  o.e.m.c.i.embedder.EclipseLogger - Using 'UTF-8' encoding to copy filtered resources.
2019-11-11 04:18:51,936 [Worker-3: Building workspace] INFO  o.e.m.c.i.embedder.EclipseLogger - skip non existing resourceDirectory E:\SEW\3 - XML\Ejercicio-3-4\EclipseWorkspace\Ejercicio_3\src\test\resources
2019-11-11 04:21:05,109 [Worker-21: Building workspace] INFO  o.e.m.c.i.embedder.EclipseLogger - Using 'UTF-8' encoding to copy filtered resources.
2019-11-11 04:21:05,109 [Worker-21: Building workspace] INFO  o.e.m.c.i.embedder.EclipseLogger - skip non existing resourceDirectory E:\SEW\3 - XML\Ejercicio-3-4\EclipseWorkspace\Ejercicio_3\src\main\resources
2019-11-11 04:21:05,114 [Worker-21: Building workspace] INFO  o.e.m.c.i.embedder.EclipseLogger - Using 'UTF-8' encoding to copy filtered resources.
2019-11-11 04:21:05,114 [Worker-21: Building workspace] INFO  o.e.m.c.i.embedder.EclipseLogger - skip non existing resourceDirectory E:\SEW\3 - XML\Ejercicio-3-4\EclipseWorkspace\Ejercicio_3\src\test\resources
2019-11-11 04:21:19,424 [Worker-2: Building workspace] INFO  o.e.m.c.i.embedder.EclipseLogger - Using 'UTF-8' encoding to copy filtered resources.
2019-11-11 04:21:19,424 [Worker-2: Building workspace] INFO  o.e.m.c.i.embedder.EclipseLogger - skip non existing resourceDirectory E:\SEW\3 - XML\Ejercicio-3-4\EclipseWorkspace\Ejercicio_3\src\main\resources
2019-11-11 04:21:19,425 [Worker-2: Building workspace] INFO  o.e.m.c.i.embedder.EclipseLogger - Using 'UTF-8' encoding to copy filtered resources.
2019-11-11 04:21:19,425 [Worker-2: Building workspace] INFO  o.e.m.c.i.embedder.EclipseLogger - skip non existing resourceDirectory E:\SEW\3 - XML\Ejercicio-3-4\EclipseWorkspace\Ejercicio_3\src\test\resources
2019-11-11 04:21:47,390 [Worker-20: Building workspace] INFO  o.e.m.c.i.embedder.EclipseLogger - Using 'UTF-8' encoding to copy filtered resources.
2019-11-11 04:21:47,391 [Worker-20: Building workspace] INFO  o.e.m.c.i.embedder.EclipseLogger - skip non existing resourceDirectory E:\SEW\3 - XML\Ejercicio-3-4\EclipseWorkspace\Ejercicio_3\src\main\resources
2019-11-11 04:21:47,392 [Worker-20: Building workspace] INFO  o.e.m.c.i.embedder.EclipseLogger - Using 'UTF-8' encoding to copy filtered resources.
2019-11-11 04:21:47,393 [Worker-20: Building workspace] INFO  o.e.m.c.i.embedder.EclipseLogger - skip non existing resourceDirectory E:\SEW\3 - XML\Ejercicio-3-4\EclipseWorkspace\Ejercicio_3\src\test\resources
2019-11-11 04:21:49,892 [Worker-21: Building workspace] INFO  o.e.m.c.i.embedder.EclipseLogger - Using 'UTF-8' encoding to copy filtered resources.
2019-11-11 04:21:49,892 [Worker-21: Building workspace] INFO  o.e.m.c.i.embedder.EclipseLogger - skip non existing resourceDirectory E:\SEW\3 - XML\Ejercicio-3-4\EclipseWorkspace\Ejercicio_3\src\main\resources
2019-11-11 04:21:49,893 [Worker-21: Building workspace] INFO  o.e.m.c.i.embedder.EclipseLogger - Using 'UTF-8' encoding to copy filtered resources.
2019-11-11 04:21:49,893 [Worker-21: Building workspace] INFO  o.e.m.c.i.embedder.EclipseLogger - skip non existing resourceDirectory E:\SEW\3 - XML\Ejercicio-3-4\EclipseWorkspace\Ejercicio_3\src\test\resources
2019-11-11 04:23:27,587 [Worker-20: Building workspace] INFO  o.e.m.c.i.embedder.EclipseLogger - Using 'UTF-8' encoding to copy filtered resources.
2019-11-11 04:23:27,587 [Worker-20: Building workspace] INFO  o.e.m.c.i.embedder.EclipseLogger - skip non existing resourceDirectory E:\SEW\3 - XML\Ejercicio-3-4\EclipseWorkspace\Ejercicio_3\src\main\resources
2019-11-11 04:23:27,587 [Worker-20: Building workspace] INFO  o.e.m.c.i.embedder.EclipseLogger - Using 'UTF-8' encoding to copy filtered resources.
2019-11-11 04:23:27,588 [Worker-20: Building workspace] INFO  o.e.m.c.i.embedder.EclipseLogger - skip non existing resourceDirectory E:\SEW\3 - XML\Ejercicio-3-4\EclipseWorkspace\Ejercicio_3\src\test\resources
2019-11-11 04:24:02,811 [Worker-20: Building workspace] INFO  o.e.m.c.i.embedder.EclipseLogger - Using 'UTF-8' encoding to copy filtered resources.
2019-11-11 04:24:02,811 [Worker-20: Building workspace] INFO  o.e.m.c.i.embedder.EclipseLogger - skip non existing resourceDirectory E:\SEW\3 - XML\Ejercicio-3-4\EclipseWorkspace\Ejercicio_3\src\main\resources
2019-11-11 04:24:02,812 [Worker-20: Building workspace] INFO  o.e.m.c.i.embedder.EclipseLogger - Using 'UTF-8' encoding to copy filtered resources.
2019-11-11 04:24:02,812 [Worker-20: Building workspace] INFO  o.e.m.c.i.embedder.EclipseLogger - skip non existing resourceDirectory E:\SEW\3 - XML\Ejercicio-3-4\EclipseWorkspace\Ejercicio_3\src\test\resources
2019-11-11 04:25:07,421 [Worker-22: Building workspace] INFO  o.e.m.c.i.embedder.EclipseLogger - Using 'UTF-8' encoding to copy filtered resources.
2019-11-11 04:25:07,421 [Worker-22: Building workspace] INFO  o.e.m.c.i.embedder.EclipseLogger - skip non existing resourceDirectory E:\SEW\3 - XML\Ejercicio-3-4\EclipseWorkspace\Ejercicio_3\src\main\resources
2019-11-11 04:25:07,422 [Worker-22: Building workspace] INFO  o.e.m.c.i.embedder.EclipseLogger - Using 'UTF-8' encoding to copy filtered resources.
2019-11-11 04:25:07,422 [Worker-22: Building workspace] INFO  o.e.m.c.i.embedder.EclipseLogger - skip non existing resourceDirectory E:\SEW\3 - XML\Ejercicio-3-4\EclipseWorkspace\Ejercicio_3\src\test\resources
2019-11-11 04:28:20,870 [Worker-23: Building workspace] INFO  o.e.m.c.i.embedder.EclipseLogger - Using 'UTF-8' encoding to copy filtered resources.
2019-11-11 04:28:20,870 [Worker-23: Building workspace] INFO  o.e.m.c.i.embedder.EclipseLogger - skip non existing resourceDirectory E:\SEW\3 - XML\Ejercicio-3-4\EclipseWorkspace\Ejercicio_3\src\main\resources
2019-11-11 04:28:20,871 [Worker-23: Building workspace] INFO  o.e.m.c.i.embedder.EclipseLogger - Using 'UTF-8' encoding to copy filtered resources.
2019-11-11 04:28:20,871 [Worker-23: Building workspace] INFO  o.e.m.c.i.embedder.EclipseLogger - skip non existing resourceDirectory E:\SEW\3 - XML\Ejercicio-3-4\EclipseWorkspace\Ejercicio_3\src\test\resources
2019-11-11 04:29:38,062 [Worker-22: Building workspace] INFO  o.e.m.c.i.embedder.EclipseLogger - Using 'UTF-8' encoding to copy filtered resources.
2019-11-11 04:29:38,062 [Worker-22: Building workspace] INFO  o.e.m.c.i.embedder.EclipseLogger - skip non existing resourceDirectory E:\SEW\3 - XML\Ejercicio-3-4\EclipseWorkspace\Ejercicio_3\src\main\resources
2019-11-11 04:29:38,063 [Worker-22: Building workspace] INFO  o.e.m.c.i.embedder.EclipseLogger - Using 'UTF-8' encoding to copy filtered resources.
2019-11-11 04:29:38,063 [Worker-22: Building workspace] INFO  o.e.m.c.i.embedder.EclipseLogger - skip non existing resourceDirectory E:\SEW\3 - XML\Ejercicio-3-4\EclipseWorkspace\Ejercicio_3\src\test\resources
2019-11-11 04:29:43,556 [Worker-22: Building workspace] INFO  o.e.m.c.i.embedder.EclipseLogger - Using 'UTF-8' encoding to copy filtered resources.
2019-11-11 04:29:43,556 [Worker-22: Building workspace] INFO  o.e.m.c.i.embedder.EclipseLogger - skip non existing resourceDirectory E:\SEW\3 - XML\Ejercicio-3-4\EclipseWorkspace\Ejercicio_3\src\main\resources
2019-11-11 04:29:43,557 [Worker-22: Building workspace] INFO  o.e.m.c.i.embedder.EclipseLogger - Using 'UTF-8' encoding to copy filtered resources.
2019-11-11 04:29:43,557 [Worker-22: Building workspace] INFO  o.e.m.c.i.embedder.EclipseLogger - skip non existing resourceDirectory E:\SEW\3 - XML\Ejercicio-3-4\EclipseWorkspace\Ejercicio_3\src\test\resources
2019-11-11 04:30:17,744 [Worker-22: Building workspace] INFO  o.e.m.c.i.embedder.EclipseLogger - Using 'UTF-8' encoding to copy filtered resources.
2019-11-11 04:30:17,744 [Worker-22: Building workspace] INFO  o.e.m.c.i.embedder.EclipseLogger - skip non existing resourceDirectory E:\SEW\3 - XML\Ejercicio-3-4\EclipseWorkspace\Ejercicio_3\src\main\resources
2019-11-11 04:30:17,744 [Worker-22: Building workspace] INFO  o.e.m.c.i.embedder.EclipseLogger - Using 'UTF-8' encoding to copy filtered resources.
2019-11-11 04:30:17,744 [Worker-22: Building workspace] INFO  o.e.m.c.i.embedder.EclipseLogger - skip non existing resourceDirectory E:\SEW\3 - XML\Ejercicio-3-4\EclipseWorkspace\Ejercicio_3\src\test\resources
2019-11-11 04:30:39,275 [Worker-20: Building workspace] INFO  o.e.m.c.i.embedder.EclipseLogger - Using 'UTF-8' encoding to copy filtered resources.
2019-11-11 04:30:39,276 [Worker-20: Building workspace] INFO  o.e.m.c.i.embedder.EclipseLogger - skip non existing resourceDirectory E:\SEW\3 - XML\Ejercicio-3-4\EclipseWorkspace\Ejercicio_3\src\main\resources
2019-11-11 04:30:39,276 [Worker-20: Building workspace] INFO  o.e.m.c.i.embedder.EclipseLogger - Using 'UTF-8' encoding to copy filtered resources.
2019-11-11 04:30:39,276 [Worker-20: Building workspace] INFO  o.e.m.c.i.embedder.EclipseLogger - skip non existing resourceDirectory E:\SEW\3 - XML\Ejercicio-3-4\EclipseWorkspace\Ejercicio_3\src\test\resources
2019-11-11 04:30:58,243 [Worker-21: Building workspace] INFO  o.e.m.c.i.embedder.EclipseLogger - Using 'UTF-8' encoding to copy filtered resources.
2019-11-11 04:30:58,243 [Worker-21: Building workspace] INFO  o.e.m.c.i.embedder.EclipseLogger - skip non existing resourceDirectory E:\SEW\3 - XML\Ejercicio-3-4\EclipseWorkspace\Ejercicio_3\src\main\resources
2019-11-11 04:30:58,243 [Worker-21: Building workspace] INFO  o.e.m.c.i.embedder.EclipseLogger - Using 'UTF-8' encoding to copy filtered resources.
2019-11-11 04:30:58,243 [Worker-21: Building workspace] INFO  o.e.m.c.i.embedder.EclipseLogger - skip non existing resourceDirectory E:\SEW\3 - XML\Ejercicio-3-4\EclipseWorkspace\Ejercicio_3\src\test\resources
2019-11-11 04:33:14,556 [Worker-3: Building workspace] INFO  o.e.m.c.i.embedder.EclipseLogger - Using 'UTF-8' encoding to copy filtered resources.
2019-11-11 04:33:14,556 [Worker-3: Building workspace] INFO  o.e.m.c.i.embedder.EclipseLogger - skip non existing resourceDirectory E:\SEW\3 - XML\Ejercicio-3-4\EclipseWorkspace\Ejercicio_3\src\main\resources
2019-11-11 04:33:14,557 [Worker-3: Building workspace] INFO  o.e.m.c.i.embedder.EclipseLogger - Using 'UTF-8' encoding to copy filtered resources.
2019-11-11 04:33:14,557 [Worker-3: Building workspace] INFO  o.e.m.c.i.embedder.EclipseLogger - skip non existing resourceDirectory E:\SEW\3 - XML\Ejercicio-3-4\EclipseWorkspace\Ejercicio_3\src\test\resources
2019-11-11 04:34:05,077 [Worker-20: Building workspace] INFO  o.e.m.c.i.embedder.EclipseLogger - Using 'UTF-8' encoding to copy filtered resources.
2019-11-11 04:34:05,077 [Worker-20: Building workspace] INFO  o.e.m.c.i.embedder.EclipseLogger - skip non existing resourceDirectory E:\SEW\3 - XML\Ejercicio-3-4\EclipseWorkspace\Ejercicio_3\src\main\resources
2019-11-11 04:34:05,077 [Worker-20: Building workspace] INFO  o.e.m.c.i.embedder.EclipseLogger - Using 'UTF-8' encoding to copy filtered resources.
2019-11-11 04:34:05,077 [Worker-20: Building workspace] INFO  o.e.m.c.i.embedder.EclipseLogger - skip non existing resourceDirectory E:\SEW\3 - XML\Ejercicio-3-4\EclipseWorkspace\Ejercicio_3\src\test\resources
2019-11-11 04:35:07,900 [Worker-20: Building workspace] INFO  o.e.m.c.i.embedder.EclipseLogger - Using 'UTF-8' encoding to copy filtered resources.
2019-11-11 04:35:07,900 [Worker-20: Building workspace] INFO  o.e.m.c.i.embedder.EclipseLogger - skip non existing resourceDirectory E:\SEW\3 - XML\Ejercicio-3-4\EclipseWorkspace\Ejercicio_3\src\main\resources
2019-11-11 04:35:07,901 [Worker-20: Building workspace] INFO  o.e.m.c.i.embedder.EclipseLogger - Using 'UTF-8' encoding to copy filtered resources.
2019-11-11 04:35:07,901 [Worker-20: Building workspace] INFO  o.e.m.c.i.embedder.EclipseLogger - skip non existing resourceDirectory E:\SEW\3 - XML\Ejercicio-3-4\EclipseWorkspace\Ejercicio_3\src\test\resources
2019-11-11 04:35:11,032 [Worker-22: Building workspace] INFO  o.e.m.c.i.embedder.EclipseLogger - Using 'UTF-8' encoding to copy filtered resources.
2019-11-11 04:35:11,032 [Worker-22: Building workspace] INFO  o.e.m.c.i.embedder.EclipseLogger - skip non existing resourceDirectory E:\SEW\3 - XML\Ejercicio-3-4\EclipseWorkspace\Ejercicio_3\src\main\resources
2019-11-11 04:35:11,032 [Worker-22: Building workspace] INFO  o.e.m.c.i.embedder.EclipseLogger - Using 'UTF-8' encoding to copy filtered resources.
2019-11-11 04:35:11,032 [Worker-22: Building workspace] INFO  o.e.m.c.i.embedder.EclipseLogger - skip non existing resourceDirectory E:\SEW\3 - XML\Ejercicio-3-4\EclipseWorkspace\Ejercicio_3\src\test\resources
2019-11-11 04:36:52,408 [Worker-2: Building workspace] INFO  o.e.m.c.i.embedder.EclipseLogger - Using 'UTF-8' encoding to copy filtered resources.
2019-11-11 04:36:52,408 [Worker-2: Building workspace] INFO  o.e.m.c.i.embedder.EclipseLogger - skip non existing resourceDirectory E:\SEW\3 - XML\Ejercicio-3-4\EclipseWorkspace\Ejercicio_3\src\main\resources
2019-11-11 04:36:52,409 [Worker-2: Building workspace] INFO  o.e.m.c.i.embedder.EclipseLogger - Using 'UTF-8' encoding to copy filtered resources.
2019-11-11 04:36:52,409 [Worker-2: Building workspace] INFO  o.e.m.c.i.embedder.EclipseLogger - skip non existing resourceDirectory E:\SEW\3 - XML\Ejercicio-3-4\EclipseWorkspace\Ejercicio_3\src\test\resources
2019-11-11 04:36:53,962 [Worker-20: Building workspace] INFO  o.e.m.c.i.embedder.EclipseLogger - Using 'UTF-8' encoding to copy filtered resources.
2019-11-11 04:36:53,962 [Worker-20: Building workspace] INFO  o.e.m.c.i.embedder.EclipseLogger - skip non existing resourceDirectory E:\SEW\3 - XML\Ejercicio-3-4\EclipseWorkspace\Ejercicio_3\src\main\resources
2019-11-11 04:36:53,963 [Worker-20: Building workspace] INFO  o.e.m.c.i.embedder.EclipseLogger - Using 'UTF-8' encoding to copy filtered resources.
2019-11-11 04:36:53,963 [Worker-20: Building workspace] INFO  o.e.m.c.i.embedder.EclipseLogger - skip non existing resourceDirectory E:\SEW\3 - XML\Ejercicio-3-4\EclipseWorkspace\Ejercicio_3\src\test\resources
2019-11-11 04:37:30,297 [Worker-3: Launching App] INFO  o.e.m.c.i.embedder.EclipseLogger - Using 'UTF-8' encoding to copy filtered resources.
2019-11-11 04:37:30,297 [Worker-3: Launching App] INFO  o.e.m.c.i.embedder.EclipseLogger - skip non existing resourceDirectory E:\SEW\3 - XML\Ejercicio-3-4\EclipseWorkspace\Ejercicio_3\src\main\resources
2019-11-11 04:37:30,298 [Worker-3: Launching App] INFO  o.e.m.c.i.embedder.EclipseLogger - Using 'UTF-8' encoding to copy filtered resources.
2019-11-11 04:37:30,298 [Worker-3: Launching App] INFO  o.e.m.c.i.embedder.EclipseLogger - skip non existing resourceDirectory E:\SEW\3 - XML\Ejercicio-3-4\EclipseWorkspace\Ejercicio_3\src\test\resources
2019-11-11 04:37:50,795 [Worker-20: Building workspace] INFO  o.e.m.c.i.embedder.EclipseLogger - Using 'UTF-8' encoding to copy filtered resources.
2019-11-11 04:37:50,795 [Worker-20: Building workspace] INFO  o.e.m.c.i.embedder.EclipseLogger - skip non existing resourceDirectory E:\SEW\3 - XML\Ejercicio-3-4\EclipseWorkspace\Ejercicio_3\src\main\resources
2019-11-11 04:37:50,796 [Worker-20: Building workspace] INFO  o.e.m.c.i.embedder.EclipseLogger - Using 'UTF-8' encoding to copy filtered resources.
2019-11-11 04:37:50,797 [Worker-20: Building workspace] INFO  o.e.m.c.i.embedder.EclipseLogger - skip non existing resourceDirectory E:\SEW\3 - XML\Ejercicio-3-4\EclipseWorkspace\Ejercicio_3\src\test\resources
2019-11-11 04:38:57,478 [Worker-24: Building workspace] INFO  o.e.m.c.i.l.LifecycleMappingFactory - Using org.eclipse.m2e.jdt.JarLifecycleMapping lifecycle mapping for MavenProject: app:Ejercicio_3:0.0.1-SNAPSHOT @ E:\SEW\3 - XML\Ejercicio-3-4\EclipseWorkspace\Ejercicio_3\pom.xml.
2019-11-11 04:38:57,642 [Worker-24: Building workspace] INFO  o.e.m.c.i.e.AbstractTransferListenerAdapter - Downloading https://repo.maven.apache.org/maven2/joda-time/joda-time/2.10.5/joda-time-2.10.5.pom
2019-11-11 04:38:57,703 [Worker-24: Building workspace] INFO  o.e.m.c.i.e.AbstractTransferListenerAdapter - Downloaded https://repo.maven.apache.org/maven2/joda-time/joda-time/2.10.5/joda-time-2.10.5.pom
2019-11-11 04:38:57,714 [Worker-24: Building workspace] WARN  o.e.m.c.i.embedder.EclipseLogger - The artifact javax.xml:jaxb-api:jar:2.1 has been relocated to javax.xml.bind:jaxb-api:jar:2.1
2019-11-11 04:38:57,880 [Worker-24: Building workspace] INFO  o.e.m.c.i.e.AbstractTransferListenerAdapter - Downloading https://repo.maven.apache.org/maven2/joda-time/joda-time/2.10.5/joda-time-2.10.5.jar
2019-11-11 04:38:57,991 [Worker-24: Building workspace] INFO  o.e.m.c.i.e.AbstractTransferListenerAdapter - Downloaded https://repo.maven.apache.org/maven2/joda-time/joda-time/2.10.5/joda-time-2.10.5.jar
2019-11-11 04:38:59,730 [Worker-24: Building workspace] INFO  o.e.m.c.i.embedder.EclipseLogger - Using 'UTF-8' encoding to copy filtered resources.
2019-11-11 04:38:59,731 [Worker-24: Building workspace] INFO  o.e.m.c.i.embedder.EclipseLogger - skip non existing resourceDirectory E:\SEW\3 - XML\Ejercicio-3-4\EclipseWorkspace\Ejercicio_3\src\main\resources
2019-11-11 04:38:59,731 [Worker-24: Building workspace] INFO  o.e.m.c.i.embedder.EclipseLogger - Using 'UTF-8' encoding to copy filtered resources.
2019-11-11 04:38:59,731 [Worker-24: Building workspace] INFO  o.e.m.c.i.embedder.EclipseLogger - skip non existing resourceDirectory E:\SEW\3 - XML\Ejercicio-3-4\EclipseWorkspace\Ejercicio_3\src\test\resources
2019-11-11 04:39:00,609 [Worker-24: Download sources and javadoc] WARN  o.e.m.c.i.embedder.EclipseLogger - The artifact javax.xml:jaxb-api:jar:2.1 has been relocated to javax.xml.bind:jaxb-api:jar:2.1
2019-11-11 04:39:00,731 [Worker-24: Download sources and javadoc] INFO  o.e.m.c.i.e.AbstractTransferListenerAdapter - Downloading https://repo.maven.apache.org/maven2/joda-time/joda-time/2.10.5/joda-time-2.10.5-sources.jar
2019-11-11 04:39:00,829 [Worker-24: Download sources and javadoc] INFO  o.e.m.c.i.e.AbstractTransferListenerAdapter - Downloaded https://repo.maven.apache.org/maven2/joda-time/joda-time/2.10.5/joda-time-2.10.5-sources.jar
2019-11-11 04:39:01,260 [Worker-20: Building workspace] INFO  o.e.m.c.i.embedder.EclipseLogger - Using 'UTF-8' encoding to copy filtered resources.
2019-11-11 04:39:01,260 [Worker-20: Building workspace] INFO  o.e.m.c.i.embedder.EclipseLogger - skip non existing resourceDirectory E:\SEW\3 - XML\Ejercicio-3-4\EclipseWorkspace\Ejercicio_3\src\main\resources
2019-11-11 04:39:01,261 [Worker-20: Building workspace] INFO  o.e.m.c.i.embedder.EclipseLogger - Using 'UTF-8' encoding to copy filtered resources.
2019-11-11 04:39:01,261 [Worker-20: Building workspace] INFO  o.e.m.c.i.embedder.EclipseLogger - skip non existing resourceDirectory E:\SEW\3 - XML\Ejercicio-3-4\EclipseWorkspace\Ejercicio_3\src\test\resources
2019-11-11 04:39:01,304 [Worker-24: Download sources and javadoc] INFO  o.e.m.j.internal.DownloadSourcesJob - Downloaded sources for joda-time:joda-time:2.10.5
2019-11-11 04:39:02,271 [Worker-20: Building workspace] INFO  o.e.m.c.i.embedder.EclipseLogger - Using 'UTF-8' encoding to copy filtered resources.
2019-11-11 04:39:02,271 [Worker-20: Building workspace] INFO  o.e.m.c.i.embedder.EclipseLogger - skip non existing resourceDirectory E:\SEW\3 - XML\Ejercicio-3-4\EclipseWorkspace\Ejercicio_3\src\main\resources
2019-11-11 04:39:02,272 [Worker-20: Building workspace] INFO  o.e.m.c.i.embedder.EclipseLogger - Using 'UTF-8' encoding to copy filtered resources.
2019-11-11 04:39:02,272 [Worker-20: Building workspace] INFO  o.e.m.c.i.embedder.EclipseLogger - skip non existing resourceDirectory E:\SEW\3 - XML\Ejercicio-3-4\EclipseWorkspace\Ejercicio_3\src\test\resources
2019-11-11 04:40:31,908 [Worker-26: Building workspace] INFO  o.e.m.c.i.embedder.EclipseLogger - Using 'UTF-8' encoding to copy filtered resources.
2019-11-11 04:40:31,908 [Worker-26: Building workspace] INFO  o.e.m.c.i.embedder.EclipseLogger - skip non existing resourceDirectory E:\SEW\3 - XML\Ejercicio-3-4\EclipseWorkspace\Ejercicio_3\src\main\resources
2019-11-11 04:40:31,908 [Worker-26: Building workspace] INFO  o.e.m.c.i.embedder.EclipseLogger - Using 'UTF-8' encoding to copy filtered resources.
2019-11-11 04:40:31,908 [Worker-26: Building workspace] INFO  o.e.m.c.i.embedder.EclipseLogger - skip non existing resourceDirectory E:\SEW\3 - XML\Ejercicio-3-4\EclipseWorkspace\Ejercicio_3\src\test\resources
2019-11-11 04:40:51,452 [Worker-27: Building workspace] INFO  o.e.m.c.i.embedder.EclipseLogger - Using 'UTF-8' encoding to copy filtered resources.
2019-11-11 04:40:51,452 [Worker-27: Building workspace] INFO  o.e.m.c.i.embedder.EclipseLogger - skip non existing resourceDirectory E:\SEW\3 - XML\Ejercicio-3-4\EclipseWorkspace\Ejercicio_3\src\main\resources
2019-11-11 04:40:51,453 [Worker-27: Building workspace] INFO  o.e.m.c.i.embedder.EclipseLogger - Using 'UTF-8' encoding to copy filtered resources.
2019-11-11 04:40:51,453 [Worker-27: Building workspace] INFO  o.e.m.c.i.embedder.EclipseLogger - skip non existing resourceDirectory E:\SEW\3 - XML\Ejercicio-3-4\EclipseWorkspace\Ejercicio_3\src\test\resources
2019-11-11 04:41:27,114 [Worker-24: Building workspace] INFO  o.e.m.c.i.embedder.EclipseLogger - Using 'UTF-8' encoding to copy filtered resources.
2019-11-11 04:41:27,114 [Worker-24: Building workspace] INFO  o.e.m.c.i.embedder.EclipseLogger - skip non existing resourceDirectory E:\SEW\3 - XML\Ejercicio-3-4\EclipseWorkspace\Ejercicio_3\src\main\resources
2019-11-11 04:41:27,114 [Worker-24: Building workspace] INFO  o.e.m.c.i.embedder.EclipseLogger - Using 'UTF-8' encoding to copy filtered resources.
2019-11-11 04:41:27,114 [Worker-24: Building workspace] INFO  o.e.m.c.i.embedder.EclipseLogger - skip non existing resourceDirectory E:\SEW\3 - XML\Ejercicio-3-4\EclipseWorkspace\Ejercicio_3\src\test\resources
2019-11-11 04:41:49,451 [Worker-25: Building workspace] INFO  o.e.m.c.i.embedder.EclipseLogger - Using 'UTF-8' encoding to copy filtered resources.
2019-11-11 04:41:49,451 [Worker-25: Building workspace] INFO  o.e.m.c.i.embedder.EclipseLogger - skip non existing resourceDirectory E:\SEW\3 - XML\Ejercicio-3-4\EclipseWorkspace\Ejercicio_3\src\main\resources
2019-11-11 04:41:49,451 [Worker-25: Building workspace] INFO  o.e.m.c.i.embedder.EclipseLogger - Using 'UTF-8' encoding to copy filtered resources.
2019-11-11 04:41:49,452 [Worker-25: Building workspace] INFO  o.e.m.c.i.embedder.EclipseLogger - skip non existing resourceDirectory E:\SEW\3 - XML\Ejercicio-3-4\EclipseWorkspace\Ejercicio_3\src\test\resources
2019-11-11 04:42:03,180 [Worker-22: Building workspace] INFO  o.e.m.c.i.embedder.EclipseLogger - Using 'UTF-8' encoding to copy filtered resources.
2019-11-11 04:42:03,181 [Worker-22: Building workspace] INFO  o.e.m.c.i.embedder.EclipseLogger - skip non existing resourceDirectory E:\SEW\3 - XML\Ejercicio-3-4\EclipseWorkspace\Ejercicio_3\src\main\resources
2019-11-11 04:42:03,182 [Worker-22: Building workspace] INFO  o.e.m.c.i.embedder.EclipseLogger - Using 'UTF-8' encoding to copy filtered resources.
2019-11-11 04:42:03,182 [Worker-22: Building workspace] INFO  o.e.m.c.i.embedder.EclipseLogger - skip non existing resourceDirectory E:\SEW\3 - XML\Ejercicio-3-4\EclipseWorkspace\Ejercicio_3\src\test\resources
2019-11-11 04:42:37,562 [Worker-25: Building workspace] INFO  o.e.m.c.i.embedder.EclipseLogger - Using 'UTF-8' encoding to copy filtered resources.
2019-11-11 04:42:37,562 [Worker-25: Building workspace] INFO  o.e.m.c.i.embedder.EclipseLogger - skip non existing resourceDirectory E:\SEW\3 - XML\Ejercicio-3-4\EclipseWorkspace\Ejercicio_3\src\main\resources
2019-11-11 04:42:37,563 [Worker-25: Building workspace] INFO  o.e.m.c.i.embedder.EclipseLogger - Using 'UTF-8' encoding to copy filtered resources.
2019-11-11 04:42:37,563 [Worker-25: Building workspace] INFO  o.e.m.c.i.embedder.EclipseLogger - skip non existing resourceDirectory E:\SEW\3 - XML\Ejercicio-3-4\EclipseWorkspace\Ejercicio_3\src\test\resources
2019-11-11 04:44:07,162 [Worker-27: Building workspace] INFO  o.e.m.c.i.embedder.EclipseLogger - Using 'UTF-8' encoding to copy filtered resources.
2019-11-11 04:44:07,162 [Worker-27: Building workspace] INFO  o.e.m.c.i.embedder.EclipseLogger - skip non existing resourceDirectory E:\SEW\3 - XML\Ejercicio-3-4\EclipseWorkspace\Ejercicio_3\src\main\resources
2019-11-11 04:44:07,163 [Worker-27: Building workspace] INFO  o.e.m.c.i.embedder.EclipseLogger - Using 'UTF-8' encoding to copy filtered resources.
2019-11-11 04:44:07,163 [Worker-27: Building workspace] INFO  o.e.m.c.i.embedder.EclipseLogger - skip non existing resourceDirectory E:\SEW\3 - XML\Ejercicio-3-4\EclipseWorkspace\Ejercicio_3\src\test\resources
2019-11-11 04:45:28,343 [Worker-27: Building workspace] INFO  o.e.m.c.i.embedder.EclipseLogger - Using 'UTF-8' encoding to copy filtered resources.
2019-11-11 04:45:28,344 [Worker-27: Building workspace] INFO  o.e.m.c.i.embedder.EclipseLogger - skip non existing resourceDirectory E:\SEW\3 - XML\Ejercicio-3-4\EclipseWorkspace\Ejercicio_3\src\main\resources
2019-11-11 04:45:28,344 [Worker-27: Building workspace] INFO  o.e.m.c.i.embedder.EclipseLogger - Using 'UTF-8' encoding to copy filtered resources.
2019-11-11 04:45:28,344 [Worker-27: Building workspace] INFO  o.e.m.c.i.embedder.EclipseLogger - skip non existing resourceDirectory E:\SEW\3 - XML\Ejercicio-3-4\EclipseWorkspace\Ejercicio_3\src\test\resources
2019-11-11 04:45:37,518 [Worker-27: Building workspace] INFO  o.e.m.c.i.embedder.EclipseLogger - Using 'UTF-8' encoding to copy filtered resources.
2019-11-11 04:45:37,518 [Worker-27: Building workspace] INFO  o.e.m.c.i.embedder.EclipseLogger - skip non existing resourceDirectory E:\SEW\3 - XML\Ejercicio-3-4\EclipseWorkspace\Ejercicio_3\src\main\resources
2019-11-11 04:45:37,519 [Worker-27: Building workspace] INFO  o.e.m.c.i.embedder.EclipseLogger - Using 'UTF-8' encoding to copy filtered resources.
2019-11-11 04:45:37,519 [Worker-27: Building workspace] INFO  o.e.m.c.i.embedder.EclipseLogger - skip non existing resourceDirectory E:\SEW\3 - XML\Ejercicio-3-4\EclipseWorkspace\Ejercicio_3\src\test\resources
2019-11-11 04:45:43,457 [Worker-27: Building workspace] INFO  o.e.m.c.i.embedder.EclipseLogger - Using 'UTF-8' encoding to copy filtered resources.
2019-11-11 04:45:43,457 [Worker-27: Building workspace] INFO  o.e.m.c.i.embedder.EclipseLogger - skip non existing resourceDirectory E:\SEW\3 - XML\Ejercicio-3-4\EclipseWorkspace\Ejercicio_3\src\main\resources
2019-11-11 04:45:43,458 [Worker-27: Building workspace] INFO  o.e.m.c.i.embedder.EclipseLogger - Using 'UTF-8' encoding to copy filtered resources.
2019-11-11 04:45:43,458 [Worker-27: Building workspace] INFO  o.e.m.c.i.embedder.EclipseLogger - skip non existing resourceDirectory E:\SEW\3 - XML\Ejercicio-3-4\EclipseWorkspace\Ejercicio_3\src\test\resources
2019-11-11 04:46:09,515 [Worker-22: Building workspace] INFO  o.e.m.c.i.embedder.EclipseLogger - Using 'UTF-8' encoding to copy filtered resources.
2019-11-11 04:46:09,515 [Worker-22: Building workspace] INFO  o.e.m.c.i.embedder.EclipseLogger - skip non existing resourceDirectory E:\SEW\3 - XML\Ejercicio-3-4\EclipseWorkspace\Ejercicio_3\src\main\resources
2019-11-11 04:46:09,515 [Worker-22: Building workspace] INFO  o.e.m.c.i.embedder.EclipseLogger - Using 'UTF-8' encoding to copy filtered resources.
2019-11-11 04:46:09,515 [Worker-22: Building workspace] INFO  o.e.m.c.i.embedder.EclipseLogger - skip non existing resourceDirectory E:\SEW\3 - XML\Ejercicio-3-4\EclipseWorkspace\Ejercicio_3\src\test\resources
2019-11-11 04:47:21,841 [Worker-25: Building workspace] INFO  o.e.m.c.i.embedder.EclipseLogger - Using 'UTF-8' encoding to copy filtered resources.
2019-11-11 04:47:21,841 [Worker-25: Building workspace] INFO  o.e.m.c.i.embedder.EclipseLogger - skip non existing resourceDirectory E:\SEW\3 - XML\Ejercicio-3-4\EclipseWorkspace\Ejercicio_3\src\main\resources
2019-11-11 04:47:21,842 [Worker-25: Building workspace] INFO  o.e.m.c.i.embedder.EclipseLogger - Using 'UTF-8' encoding to copy filtered resources.
2019-11-11 04:47:21,842 [Worker-25: Building workspace] INFO  o.e.m.c.i.embedder.EclipseLogger - skip non existing resourceDirectory E:\SEW\3 - XML\Ejercicio-3-4\EclipseWorkspace\Ejercicio_3\src\test\resources
2019-11-11 04:47:28,484 [Worker-24: Building workspace] INFO  o.e.m.c.i.embedder.EclipseLogger - Using 'UTF-8' encoding to copy filtered resources.
2019-11-11 04:47:28,484 [Worker-24: Building workspace] INFO  o.e.m.c.i.embedder.EclipseLogger - skip non existing resourceDirectory E:\SEW\3 - XML\Ejercicio-3-4\EclipseWorkspace\Ejercicio_3\src\main\resources
2019-11-11 04:47:28,485 [Worker-24: Building workspace] INFO  o.e.m.c.i.embedder.EclipseLogger - Using 'UTF-8' encoding to copy filtered resources.
2019-11-11 04:47:28,485 [Worker-24: Building workspace] INFO  o.e.m.c.i.embedder.EclipseLogger - skip non existing resourceDirectory E:\SEW\3 - XML\Ejercicio-3-4\EclipseWorkspace\Ejercicio_3\src\test\resources
2019-11-11 05:12:17,800 [Worker-31: Building workspace] INFO  o.e.m.c.i.embedder.EclipseLogger - Using 'UTF-8' encoding to copy filtered resources.
2019-11-11 05:12:17,800 [Worker-31: Building workspace] INFO  o.e.m.c.i.embedder.EclipseLogger - skip non existing resourceDirectory E:\SEW\3 - XML\Ejercicio-3-4\EclipseWorkspace\Ejercicio_3\src\main\resources
2019-11-11 05:12:17,802 [Worker-31: Building workspace] INFO  o.e.m.c.i.embedder.EclipseLogger - Using 'UTF-8' encoding to copy filtered resources.
2019-11-11 05:12:17,802 [Worker-31: Building workspace] INFO  o.e.m.c.i.embedder.EclipseLogger - skip non existing resourceDirectory E:\SEW\3 - XML\Ejercicio-3-4\EclipseWorkspace\Ejercicio_3\src\test\resources
2019-11-11 05:12:21,631 [Worker-34: Building workspace] INFO  o.e.m.c.i.embedder.EclipseLogger - Using 'UTF-8' encoding to copy filtered resources.
2019-11-11 05:12:21,631 [Worker-34: Building workspace] INFO  o.e.m.c.i.embedder.EclipseLogger - skip non existing resourceDirectory E:\SEW\3 - XML\Ejercicio-3-4\EclipseWorkspace\Ejercicio_3\src\main\resources
2019-11-11 05:12:21,633 [Worker-34: Building workspace] INFO  o.e.m.c.i.embedder.EclipseLogger - Using 'UTF-8' encoding to copy filtered resources.
2019-11-11 05:12:21,634 [Worker-34: Building workspace] INFO  o.e.m.c.i.embedder.EclipseLogger - skip non existing resourceDirectory E:\SEW\3 - XML\Ejercicio-3-4\EclipseWorkspace\Ejercicio_3\src\test\resources
2019-11-11 05:16:24,049 [Worker-31: Building workspace] INFO  o.e.m.c.i.embedder.EclipseLogger - Using 'UTF-8' encoding to copy filtered resources.
2019-11-11 05:16:24,049 [Worker-31: Building workspace] INFO  o.e.m.c.i.embedder.EclipseLogger - skip non existing resourceDirectory E:\SEW\3 - XML\Ejercicio-3-4\EclipseWorkspace\Ejercicio_3\src\main\resources
2019-11-11 05:16:24,052 [Worker-31: Building workspace] INFO  o.e.m.c.i.embedder.EclipseLogger - Using 'UTF-8' encoding to copy filtered resources.
2019-11-11 05:16:24,052 [Worker-31: Building workspace] INFO  o.e.m.c.i.embedder.EclipseLogger - skip non existing resourceDirectory E:\SEW\3 - XML\Ejercicio-3-4\EclipseWorkspace\Ejercicio_3\src\test\resources
2019-11-11 05:16:25,564 [Worker-35: Building workspace] INFO  o.e.m.c.i.embedder.EclipseLogger - Using 'UTF-8' encoding to copy filtered resources.
2019-11-11 05:16:25,564 [Worker-35: Building workspace] INFO  o.e.m.c.i.embedder.EclipseLogger - skip non existing resourceDirectory E:\SEW\3 - XML\Ejercicio-3-4\EclipseWorkspace\Ejercicio_3\src\main\resources
2019-11-11 05:16:25,565 [Worker-35: Building workspace] INFO  o.e.m.c.i.embedder.EclipseLogger - Using 'UTF-8' encoding to copy filtered resources.
2019-11-11 05:16:25,566 [Worker-35: Building workspace] INFO  o.e.m.c.i.embedder.EclipseLogger - skip non existing resourceDirectory E:\SEW\3 - XML\Ejercicio-3-4\EclipseWorkspace\Ejercicio_3\src\test\resources
2019-11-11 05:16:27,204 [Worker-31: Building workspace] INFO  o.e.m.c.i.embedder.EclipseLogger - Using 'UTF-8' encoding to copy filtered resources.
2019-11-11 05:16:27,204 [Worker-31: Building workspace] INFO  o.e.m.c.i.embedder.EclipseLogger - skip non existing resourceDirectory E:\SEW\3 - XML\Ejercicio-3-4\EclipseWorkspace\Ejercicio_3\src\main\resources
2019-11-11 05:16:27,205 [Worker-31: Building workspace] INFO  o.e.m.c.i.embedder.EclipseLogger - Using 'UTF-8' encoding to copy filtered resources.
2019-11-11 05:16:27,205 [Worker-31: Building workspace] INFO  o.e.m.c.i.embedder.EclipseLogger - skip non existing resourceDirectory E:\SEW\3 - XML\Ejercicio-3-4\EclipseWorkspace\Ejercicio_3\src\test\resources
2019-11-11 05:16:48,194 [Worker-32: Building workspace] INFO  o.e.m.c.i.embedder.EclipseLogger - Using 'UTF-8' encoding to copy filtered resources.
2019-11-11 05:16:48,195 [Worker-32: Building workspace] INFO  o.e.m.c.i.embedder.EclipseLogger - skip non existing resourceDirectory E:\SEW\3 - XML\Ejercicio-3-4\EclipseWorkspace\Ejercicio_3\src\main\resources
2019-11-11 05:16:48,195 [Worker-32: Building workspace] INFO  o.e.m.c.i.embedder.EclipseLogger - Using 'UTF-8' encoding to copy filtered resources.
2019-11-11 05:16:48,195 [Worker-32: Building workspace] INFO  o.e.m.c.i.embedder.EclipseLogger - skip non existing resourceDirectory E:\SEW\3 - XML\Ejercicio-3-4\EclipseWorkspace\Ejercicio_3\src\test\resources
2019-11-11 05:16:54,518 [Worker-36: Building workspace] INFO  o.e.m.c.i.embedder.EclipseLogger - Using 'UTF-8' encoding to copy filtered resources.
2019-11-11 05:16:54,518 [Worker-36: Building workspace] INFO  o.e.m.c.i.embedder.EclipseLogger - skip non existing resourceDirectory E:\SEW\3 - XML\Ejercicio-3-4\EclipseWorkspace\Ejercicio_3\src\main\resources
2019-11-11 05:16:54,519 [Worker-36: Building workspace] INFO  o.e.m.c.i.embedder.EclipseLogger - Using 'UTF-8' encoding to copy filtered resources.
2019-11-11 05:16:54,519 [Worker-36: Building workspace] INFO  o.e.m.c.i.embedder.EclipseLogger - skip non existing resourceDirectory E:\SEW\3 - XML\Ejercicio-3-4\EclipseWorkspace\Ejercicio_3\src\test\resources
2019-11-11 05:17:25,201 [Worker-31: Building workspace] INFO  o.e.m.c.i.embedder.EclipseLogger - Using 'UTF-8' encoding to copy filtered resources.
2019-11-11 05:17:25,201 [Worker-31: Building workspace] INFO  o.e.m.c.i.embedder.EclipseLogger - skip non existing resourceDirectory E:\SEW\3 - XML\Ejercicio-3-4\EclipseWorkspace\Ejercicio_3\src\main\resources
2019-11-11 05:17:25,202 [Worker-31: Building workspace] INFO  o.e.m.c.i.embedder.EclipseLogger - Using 'UTF-8' encoding to copy filtered resources.
2019-11-11 05:17:25,202 [Worker-31: Building workspace] INFO  o.e.m.c.i.embedder.EclipseLogger - skip non existing resourceDirectory E:\SEW\3 - XML\Ejercicio-3-4\EclipseWorkspace\Ejercicio_3\src\test\resources
2019-11-11 05:17:36,747 [Worker-31: Building workspace] INFO  o.e.m.c.i.embedder.EclipseLogger - Using 'UTF-8' encoding to copy filtered resources.
2019-11-11 05:17:36,749 [Worker-31: Building workspace] INFO  o.e.m.c.i.embedder.EclipseLogger - skip non existing resourceDirectory E:\SEW\3 - XML\Ejercicio-3-4\EclipseWorkspace\Ejercicio_3\src\main\resources
2019-11-11 05:17:36,749 [Worker-31: Building workspace] INFO  o.e.m.c.i.embedder.EclipseLogger - Using 'UTF-8' encoding to copy filtered resources.
2019-11-11 05:17:36,749 [Worker-31: Building workspace] INFO  o.e.m.c.i.embedder.EclipseLogger - skip non existing resourceDirectory E:\SEW\3 - XML\Ejercicio-3-4\EclipseWorkspace\Ejercicio_3\src\test\resources
2019-11-11 05:17:45,034 [Worker-32: Building workspace] INFO  o.e.m.c.i.embedder.EclipseLogger - Using 'UTF-8' encoding to copy filtered resources.
2019-11-11 05:17:45,034 [Worker-32: Building workspace] INFO  o.e.m.c.i.embedder.EclipseLogger - skip non existing resourceDirectory E:\SEW\3 - XML\Ejercicio-3-4\EclipseWorkspace\Ejercicio_3\src\main\resources
2019-11-11 05:17:45,034 [Worker-32: Building workspace] INFO  o.e.m.c.i.embedder.EclipseLogger - Using 'UTF-8' encoding to copy filtered resources.
2019-11-11 05:17:45,034 [Worker-32: Building workspace] INFO  o.e.m.c.i.embedder.EclipseLogger - skip non existing resourceDirectory E:\SEW\3 - XML\Ejercicio-3-4\EclipseWorkspace\Ejercicio_3\src\test\resources
2019-11-11 05:17:53,251 [Worker-31: Building workspace] INFO  o.e.m.c.i.embedder.EclipseLogger - Using 'UTF-8' encoding to copy filtered resources.
2019-11-11 05:17:53,251 [Worker-31: Building workspace] INFO  o.e.m.c.i.embedder.EclipseLogger - skip non existing resourceDirectory E:\SEW\3 - XML\Ejercicio-3-4\EclipseWorkspace\Ejercicio_3\src\main\resources
2019-11-11 05:17:53,252 [Worker-31: Building workspace] INFO  o.e.m.c.i.embedder.EclipseLogger - Using 'UTF-8' encoding to copy filtered resources.
2019-11-11 05:17:53,252 [Worker-31: Building workspace] INFO  o.e.m.c.i.embedder.EclipseLogger - skip non existing resourceDirectory E:\SEW\3 - XML\Ejercicio-3-4\EclipseWorkspace\Ejercicio_3\src\test\resources
2019-11-11 05:18:02,598 [Worker-31: Building workspace] INFO  o.e.m.c.i.embedder.EclipseLogger - Using 'UTF-8' encoding to copy filtered resources.
2019-11-11 05:18:02,598 [Worker-31: Building workspace] INFO  o.e.m.c.i.embedder.EclipseLogger - skip non existing resourceDirectory E:\SEW\3 - XML\Ejercicio-3-4\EclipseWorkspace\Ejercicio_3\src\main\resources
2019-11-11 05:18:02,598 [Worker-31: Building workspace] INFO  o.e.m.c.i.embedder.EclipseLogger - Using 'UTF-8' encoding to copy filtered resources.
2019-11-11 05:18:02,598 [Worker-31: Building workspace] INFO  o.e.m.c.i.embedder.EclipseLogger - skip non existing resourceDirectory E:\SEW\3 - XML\Ejercicio-3-4\EclipseWorkspace\Ejercicio_3\src\test\resources
2019-11-11 05:18:10,346 [Worker-34: Building workspace] INFO  o.e.m.c.i.embedder.EclipseLogger - Using 'UTF-8' encoding to copy filtered resources.
2019-11-11 05:18:10,346 [Worker-34: Building workspace] INFO  o.e.m.c.i.embedder.EclipseLogger - skip non existing resourceDirectory E:\SEW\3 - XML\Ejercicio-3-4\EclipseWorkspace\Ejercicio_3\src\main\resources
2019-11-11 05:18:10,347 [Worker-34: Building workspace] INFO  o.e.m.c.i.embedder.EclipseLogger - Using 'UTF-8' encoding to copy filtered resources.
2019-11-11 05:18:10,347 [Worker-34: Building workspace] INFO  o.e.m.c.i.embedder.EclipseLogger - skip non existing resourceDirectory E:\SEW\3 - XML\Ejercicio-3-4\EclipseWorkspace\Ejercicio_3\src\test\resources
2019-11-11 05:18:20,162 [Worker-32: Building workspace] INFO  o.e.m.c.i.embedder.EclipseLogger - Using 'UTF-8' encoding to copy filtered resources.
2019-11-11 05:18:20,163 [Worker-32: Building workspace] INFO  o.e.m.c.i.embedder.EclipseLogger - skip non existing resourceDirectory E:\SEW\3 - XML\Ejercicio-3-4\EclipseWorkspace\Ejercicio_3\src\main\resources
2019-11-11 05:18:20,163 [Worker-32: Building workspace] INFO  o.e.m.c.i.embedder.EclipseLogger - Using 'UTF-8' encoding to copy filtered resources.
2019-11-11 05:18:20,163 [Worker-32: Building workspace] INFO  o.e.m.c.i.embedder.EclipseLogger - skip non existing resourceDirectory E:\SEW\3 - XML\Ejercicio-3-4\EclipseWorkspace\Ejercicio_3\src\test\resources
2019-11-11 05:18:29,560 [Worker-31: Building workspace] INFO  o.e.m.c.i.embedder.EclipseLogger - Using 'UTF-8' encoding to copy filtered resources.
2019-11-11 05:18:29,560 [Worker-31: Building workspace] INFO  o.e.m.c.i.embedder.EclipseLogger - skip non existing resourceDirectory E:\SEW\3 - XML\Ejercicio-3-4\EclipseWorkspace\Ejercicio_3\src\main\resources
2019-11-11 05:18:29,561 [Worker-31: Building workspace] INFO  o.e.m.c.i.embedder.EclipseLogger - Using 'UTF-8' encoding to copy filtered resources.
2019-11-11 05:18:29,561 [Worker-31: Building workspace] INFO  o.e.m.c.i.embedder.EclipseLogger - skip non existing resourceDirectory E:\SEW\3 - XML\Ejercicio-3-4\EclipseWorkspace\Ejercicio_3\src\test\resources
2019-11-11 05:18:36,112 [Worker-36: Building workspace] INFO  o.e.m.c.i.embedder.EclipseLogger - Using 'UTF-8' encoding to copy filtered resources.
2019-11-11 05:18:36,113 [Worker-36: Building workspace] INFO  o.e.m.c.i.embedder.EclipseLogger - skip non existing resourceDirectory E:\SEW\3 - XML\Ejercicio-3-4\EclipseWorkspace\Ejercicio_3\src\main\resources
2019-11-11 05:18:36,115 [Worker-36: Building workspace] INFO  o.e.m.c.i.embedder.EclipseLogger - Using 'UTF-8' encoding to copy filtered resources.
2019-11-11 05:18:36,115 [Worker-36: Building workspace] INFO  o.e.m.c.i.embedder.EclipseLogger - skip non existing resourceDirectory E:\SEW\3 - XML\Ejercicio-3-4\EclipseWorkspace\Ejercicio_3\src\test\resources
2019-11-11 05:18:44,819 [Worker-36: Building workspace] INFO  o.e.m.c.i.embedder.EclipseLogger - Using 'UTF-8' encoding to copy filtered resources.
2019-11-11 05:18:44,819 [Worker-36: Building workspace] INFO  o.e.m.c.i.embedder.EclipseLogger - skip non existing resourceDirectory E:\SEW\3 - XML\Ejercicio-3-4\EclipseWorkspace\Ejercicio_3\src\main\resources
2019-11-11 05:18:44,820 [Worker-36: Building workspace] INFO  o.e.m.c.i.embedder.EclipseLogger - Using 'UTF-8' encoding to copy filtered resources.
2019-11-11 05:18:44,820 [Worker-36: Building workspace] INFO  o.e.m.c.i.embedder.EclipseLogger - skip non existing resourceDirectory E:\SEW\3 - XML\Ejercicio-3-4\EclipseWorkspace\Ejercicio_3\src\test\resources
2019-11-11 05:18:51,739 [Worker-31: Building workspace] INFO  o.e.m.c.i.embedder.EclipseLogger - Using 'UTF-8' encoding to copy filtered resources.
2019-11-11 05:18:51,739 [Worker-31: Building workspace] INFO  o.e.m.c.i.embedder.EclipseLogger - skip non existing resourceDirectory E:\SEW\3 - XML\Ejercicio-3-4\EclipseWorkspace\Ejercicio_3\src\main\resources
2019-11-11 05:18:51,741 [Worker-31: Building workspace] INFO  o.e.m.c.i.embedder.EclipseLogger - Using 'UTF-8' encoding to copy filtered resources.
2019-11-11 05:18:51,742 [Worker-31: Building workspace] INFO  o.e.m.c.i.embedder.EclipseLogger - skip non existing resourceDirectory E:\SEW\3 - XML\Ejercicio-3-4\EclipseWorkspace\Ejercicio_3\src\test\resources
2019-11-11 05:18:56,202 [Worker-34: Building workspace] INFO  o.e.m.c.i.embedder.EclipseLogger - Using 'UTF-8' encoding to copy filtered resources.
2019-11-11 05:18:56,202 [Worker-34: Building workspace] INFO  o.e.m.c.i.embedder.EclipseLogger - skip non existing resourceDirectory E:\SEW\3 - XML\Ejercicio-3-4\EclipseWorkspace\Ejercicio_3\src\main\resources
2019-11-11 05:18:56,203 [Worker-34: Building workspace] INFO  o.e.m.c.i.embedder.EclipseLogger - Using 'UTF-8' encoding to copy filtered resources.
2019-11-11 05:18:56,203 [Worker-34: Building workspace] INFO  o.e.m.c.i.embedder.EclipseLogger - skip non existing resourceDirectory E:\SEW\3 - XML\Ejercicio-3-4\EclipseWorkspace\Ejercicio_3\src\test\resources
2019-11-11 05:21:20,913 [Worker-37: Building workspace] INFO  o.e.m.c.i.embedder.EclipseLogger - Using 'UTF-8' encoding to copy filtered resources.
2019-11-11 05:21:20,914 [Worker-37: Building workspace] INFO  o.e.m.c.i.embedder.EclipseLogger - skip non existing resourceDirectory E:\SEW\3 - XML\Ejercicio-3-4\EclipseWorkspace\Ejercicio_3\src\main\resources
2019-11-11 05:21:20,915 [Worker-37: Building workspace] INFO  o.e.m.c.i.embedder.EclipseLogger - Using 'UTF-8' encoding to copy filtered resources.
2019-11-11 05:21:20,915 [Worker-37: Building workspace] INFO  o.e.m.c.i.embedder.EclipseLogger - skip non existing resourceDirectory E:\SEW\3 - XML\Ejercicio-3-4\EclipseWorkspace\Ejercicio_3\src\test\resources
2019-11-11 05:21:31,117 [Worker-37: Building workspace] INFO  o.e.m.c.i.embedder.EclipseLogger - Using 'UTF-8' encoding to copy filtered resources.
2019-11-11 05:21:31,118 [Worker-37: Building workspace] INFO  o.e.m.c.i.embedder.EclipseLogger - skip non existing resourceDirectory E:\SEW\3 - XML\Ejercicio-3-4\EclipseWorkspace\Ejercicio_3\src\main\resources
2019-11-11 05:21:31,118 [Worker-37: Building workspace] INFO  o.e.m.c.i.embedder.EclipseLogger - Using 'UTF-8' encoding to copy filtered resources.
2019-11-11 05:21:31,119 [Worker-37: Building workspace] INFO  o.e.m.c.i.embedder.EclipseLogger - skip non existing resourceDirectory E:\SEW\3 - XML\Ejercicio-3-4\EclipseWorkspace\Ejercicio_3\src\test\resources
2019-11-11 05:21:48,243 [Worker-36: Building workspace] INFO  o.e.m.c.i.embedder.EclipseLogger - Using 'UTF-8' encoding to copy filtered resources.
2019-11-11 05:21:48,243 [Worker-36: Building workspace] INFO  o.e.m.c.i.embedder.EclipseLogger - skip non existing resourceDirectory E:\SEW\3 - XML\Ejercicio-3-4\EclipseWorkspace\Ejercicio_3\src\main\resources
2019-11-11 05:21:48,244 [Worker-36: Building workspace] INFO  o.e.m.c.i.embedder.EclipseLogger - Using 'UTF-8' encoding to copy filtered resources.
2019-11-11 05:21:48,244 [Worker-36: Building workspace] INFO  o.e.m.c.i.embedder.EclipseLogger - skip non existing resourceDirectory E:\SEW\3 - XML\Ejercicio-3-4\EclipseWorkspace\Ejercicio_3\src\test\resources
2019-11-11 05:21:55,484 [Worker-37: Building workspace] INFO  o.e.m.c.i.embedder.EclipseLogger - Using 'UTF-8' encoding to copy filtered resources.
2019-11-11 05:21:55,484 [Worker-37: Building workspace] INFO  o.e.m.c.i.embedder.EclipseLogger - skip non existing resourceDirectory E:\SEW\3 - XML\Ejercicio-3-4\EclipseWorkspace\Ejercicio_3\src\main\resources
2019-11-11 05:21:55,486 [Worker-37: Building workspace] INFO  o.e.m.c.i.embedder.EclipseLogger - Using 'UTF-8' encoding to copy filtered resources.
2019-11-11 05:21:55,486 [Worker-37: Building workspace] INFO  o.e.m.c.i.embedder.EclipseLogger - skip non existing resourceDirectory E:\SEW\3 - XML\Ejercicio-3-4\EclipseWorkspace\Ejercicio_3\src\test\resources
2019-11-11 05:23:03,481 [Worker-35: Building workspace] INFO  o.e.m.c.i.embedder.EclipseLogger - Using 'UTF-8' encoding to copy filtered resources.
2019-11-11 05:23:03,481 [Worker-35: Building workspace] INFO  o.e.m.c.i.embedder.EclipseLogger - skip non existing resourceDirectory E:\SEW\3 - XML\Ejercicio-3-4\EclipseWorkspace\Ejercicio_3\src\main\resources
2019-11-11 05:23:03,482 [Worker-35: Building workspace] INFO  o.e.m.c.i.embedder.EclipseLogger - Using 'UTF-8' encoding to copy filtered resources.
2019-11-11 05:23:03,482 [Worker-35: Building workspace] INFO  o.e.m.c.i.embedder.EclipseLogger - skip non existing resourceDirectory E:\SEW\3 - XML\Ejercicio-3-4\EclipseWorkspace\Ejercicio_3\src\test\resources
2019-11-11 05:23:51,509 [Worker-36: Building workspace] INFO  o.e.m.c.i.embedder.EclipseLogger - Using 'UTF-8' encoding to copy filtered resources.
2019-11-11 05:23:51,509 [Worker-36: Building workspace] INFO  o.e.m.c.i.embedder.EclipseLogger - skip non existing resourceDirectory E:\SEW\3 - XML\Ejercicio-3-4\EclipseWorkspace\Ejercicio_3\src\main\resources
2019-11-11 05:23:51,510 [Worker-36: Building workspace] INFO  o.e.m.c.i.embedder.EclipseLogger - Using 'UTF-8' encoding to copy filtered resources.
2019-11-11 05:23:51,510 [Worker-36: Building workspace] INFO  o.e.m.c.i.embedder.EclipseLogger - skip non existing resourceDirectory E:\SEW\3 - XML\Ejercicio-3-4\EclipseWorkspace\Ejercicio_3\src\test\resources
2019-11-11 05:24:03,032 [Worker-35: Building workspace] INFO  o.e.m.c.i.embedder.EclipseLogger - Using 'UTF-8' encoding to copy filtered resources.
2019-11-11 05:24:03,033 [Worker-35: Building workspace] INFO  o.e.m.c.i.embedder.EclipseLogger - skip non existing resourceDirectory E:\SEW\3 - XML\Ejercicio-3-4\EclipseWorkspace\Ejercicio_3\src\main\resources
2019-11-11 05:24:03,035 [Worker-35: Building workspace] INFO  o.e.m.c.i.embedder.EclipseLogger - Using 'UTF-8' encoding to copy filtered resources.
2019-11-11 05:24:03,036 [Worker-35: Building workspace] INFO  o.e.m.c.i.embedder.EclipseLogger - skip non existing resourceDirectory E:\SEW\3 - XML\Ejercicio-3-4\EclipseWorkspace\Ejercicio_3\src\test\resources
2019-11-11 05:24:26,312 [Worker-37: Building workspace] INFO  o.e.m.c.i.embedder.EclipseLogger - Using 'UTF-8' encoding to copy filtered resources.
2019-11-11 05:24:26,312 [Worker-37: Building workspace] INFO  o.e.m.c.i.embedder.EclipseLogger - skip non existing resourceDirectory E:\SEW\3 - XML\Ejercicio-3-4\EclipseWorkspace\Ejercicio_3\src\main\resources
2019-11-11 05:24:26,312 [Worker-37: Building workspace] INFO  o.e.m.c.i.embedder.EclipseLogger - Using 'UTF-8' encoding to copy filtered resources.
2019-11-11 05:24:26,313 [Worker-37: Building workspace] INFO  o.e.m.c.i.embedder.EclipseLogger - skip non existing resourceDirectory E:\SEW\3 - XML\Ejercicio-3-4\EclipseWorkspace\Ejercicio_3\src\test\resources
2019-11-11 05:24:46,386 [Worker-36: Building workspace] INFO  o.e.m.c.i.embedder.EclipseLogger - Using 'UTF-8' encoding to copy filtered resources.
2019-11-11 05:24:46,386 [Worker-36: Building workspace] INFO  o.e.m.c.i.embedder.EclipseLogger - skip non existing resourceDirectory E:\SEW\3 - XML\Ejercicio-3-4\EclipseWorkspace\Ejercicio_3\src\main\resources
2019-11-11 05:24:46,387 [Worker-36: Building workspace] INFO  o.e.m.c.i.embedder.EclipseLogger - Using 'UTF-8' encoding to copy filtered resources.
2019-11-11 05:24:46,387 [Worker-36: Building workspace] INFO  o.e.m.c.i.embedder.EclipseLogger - skip non existing resourceDirectory E:\SEW\3 - XML\Ejercicio-3-4\EclipseWorkspace\Ejercicio_3\src\test\resources
2019-11-11 05:24:49,174 [Worker-32: Building workspace] INFO  o.e.m.c.i.embedder.EclipseLogger - Using 'UTF-8' encoding to copy filtered resources.
2019-11-11 05:24:49,175 [Worker-32: Building workspace] INFO  o.e.m.c.i.embedder.EclipseLogger - skip non existing resourceDirectory E:\SEW\3 - XML\Ejercicio-3-4\EclipseWorkspace\Ejercicio_3\src\main\resources
2019-11-11 05:24:49,175 [Worker-32: Building workspace] INFO  o.e.m.c.i.embedder.EclipseLogger - Using 'UTF-8' encoding to copy filtered resources.
2019-11-11 05:24:49,175 [Worker-32: Building workspace] INFO  o.e.m.c.i.embedder.EclipseLogger - skip non existing resourceDirectory E:\SEW\3 - XML\Ejercicio-3-4\EclipseWorkspace\Ejercicio_3\src\test\resources
2019-11-11 05:25:34,511 [Worker-35: Building workspace] INFO  o.e.m.c.i.embedder.EclipseLogger - Using 'UTF-8' encoding to copy filtered resources.
2019-11-11 05:25:34,511 [Worker-35: Building workspace] INFO  o.e.m.c.i.embedder.EclipseLogger - skip non existing resourceDirectory E:\SEW\3 - XML\Ejercicio-3-4\EclipseWorkspace\Ejercicio_3\src\main\resources
2019-11-11 05:25:34,512 [Worker-35: Building workspace] INFO  o.e.m.c.i.embedder.EclipseLogger - Using 'UTF-8' encoding to copy filtered resources.
2019-11-11 05:25:34,512 [Worker-35: Building workspace] INFO  o.e.m.c.i.embedder.EclipseLogger - skip non existing resourceDirectory E:\SEW\3 - XML\Ejercicio-3-4\EclipseWorkspace\Ejercicio_3\src\test\resources
2019-11-11 05:26:11,087 [Worker-37: Building workspace] INFO  o.e.m.c.i.embedder.EclipseLogger - Using 'UTF-8' encoding to copy filtered resources.
2019-11-11 05:26:11,088 [Worker-37: Building workspace] INFO  o.e.m.c.i.embedder.EclipseLogger - skip non existing resourceDirectory E:\SEW\3 - XML\Ejercicio-3-4\EclipseWorkspace\Ejercicio_3\src\main\resources
2019-11-11 05:26:11,089 [Worker-37: Building workspace] INFO  o.e.m.c.i.embedder.EclipseLogger - Using 'UTF-8' encoding to copy filtered resources.
2019-11-11 05:26:11,089 [Worker-37: Building workspace] INFO  o.e.m.c.i.embedder.EclipseLogger - skip non existing resourceDirectory E:\SEW\3 - XML\Ejercicio-3-4\EclipseWorkspace\Ejercicio_3\src\test\resources
2019-11-11 05:26:54,148 [Worker-38: Building workspace] INFO  o.e.m.c.i.embedder.EclipseLogger - Using 'UTF-8' encoding to copy filtered resources.
2019-11-11 05:26:54,148 [Worker-38: Building workspace] INFO  o.e.m.c.i.embedder.EclipseLogger - skip non existing resourceDirectory E:\SEW\3 - XML\Ejercicio-3-4\EclipseWorkspace\Ejercicio_3\src\main\resources
2019-11-11 05:26:54,149 [Worker-38: Building workspace] INFO  o.e.m.c.i.embedder.EclipseLogger - Using 'UTF-8' encoding to copy filtered resources.
2019-11-11 05:26:54,149 [Worker-38: Building workspace] INFO  o.e.m.c.i.embedder.EclipseLogger - skip non existing resourceDirectory E:\SEW\3 - XML\Ejercicio-3-4\EclipseWorkspace\Ejercicio_3\src\test\resources
2019-11-11 05:27:43,150 [Worker-37: Building workspace] INFO  o.e.m.c.i.embedder.EclipseLogger - Using 'UTF-8' encoding to copy filtered resources.
2019-11-11 05:27:43,150 [Worker-37: Building workspace] INFO  o.e.m.c.i.embedder.EclipseLogger - skip non existing resourceDirectory E:\SEW\3 - XML\Ejercicio-3-4\EclipseWorkspace\Ejercicio_3\src\main\resources
2019-11-11 05:27:43,150 [Worker-37: Building workspace] INFO  o.e.m.c.i.embedder.EclipseLogger - Using 'UTF-8' encoding to copy filtered resources.
2019-11-11 05:27:43,150 [Worker-37: Building workspace] INFO  o.e.m.c.i.embedder.EclipseLogger - skip non existing resourceDirectory E:\SEW\3 - XML\Ejercicio-3-4\EclipseWorkspace\Ejercicio_3\src\test\resources
2019-11-11 05:28:51,855 [Worker-31: Building workspace] INFO  o.e.m.c.i.embedder.EclipseLogger - Using 'UTF-8' encoding to copy filtered resources.
2019-11-11 05:28:51,856 [Worker-31: Building workspace] INFO  o.e.m.c.i.embedder.EclipseLogger - skip non existing resourceDirectory E:\SEW\3 - XML\Ejercicio-3-4\EclipseWorkspace\Ejercicio_3\src\main\resources
2019-11-11 05:28:51,857 [Worker-31: Building workspace] INFO  o.e.m.c.i.embedder.EclipseLogger - Using 'UTF-8' encoding to copy filtered resources.
2019-11-11 05:28:51,857 [Worker-31: Building workspace] INFO  o.e.m.c.i.embedder.EclipseLogger - skip non existing resourceDirectory E:\SEW\3 - XML\Ejercicio-3-4\EclipseWorkspace\Ejercicio_3\src\test\resources
2019-11-11 05:29:10,773 [Worker-35: Building workspace] INFO  o.e.m.c.i.embedder.EclipseLogger - Using 'UTF-8' encoding to copy filtered resources.
2019-11-11 05:29:10,773 [Worker-35: Building workspace] INFO  o.e.m.c.i.embedder.EclipseLogger - skip non existing resourceDirectory E:\SEW\3 - XML\Ejercicio-3-4\EclipseWorkspace\Ejercicio_3\src\main\resources
2019-11-11 05:29:10,774 [Worker-35: Building workspace] INFO  o.e.m.c.i.embedder.EclipseLogger - Using 'UTF-8' encoding to copy filtered resources.
2019-11-11 05:29:10,774 [Worker-35: Building workspace] INFO  o.e.m.c.i.embedder.EclipseLogger - skip non existing resourceDirectory E:\SEW\3 - XML\Ejercicio-3-4\EclipseWorkspace\Ejercicio_3\src\test\resources
2019-11-11 05:30:23,389 [Worker-32: Building workspace] INFO  o.e.m.c.i.embedder.EclipseLogger - Using 'UTF-8' encoding to copy filtered resources.
2019-11-11 05:30:23,389 [Worker-32: Building workspace] INFO  o.e.m.c.i.embedder.EclipseLogger - skip non existing resourceDirectory E:\SEW\3 - XML\Ejercicio-3-4\EclipseWorkspace\Ejercicio_3\src\main\resources
2019-11-11 05:30:23,390 [Worker-32: Building workspace] INFO  o.e.m.c.i.embedder.EclipseLogger - Using 'UTF-8' encoding to copy filtered resources.
2019-11-11 05:30:23,391 [Worker-32: Building workspace] INFO  o.e.m.c.i.embedder.EclipseLogger - skip non existing resourceDirectory E:\SEW\3 - XML\Ejercicio-3-4\EclipseWorkspace\Ejercicio_3\src\test\resources
2019-11-11 05:30:32,370 [Worker-37: Building workspace] INFO  o.e.m.c.i.embedder.EclipseLogger - Using 'UTF-8' encoding to copy filtered resources.
2019-11-11 05:30:32,370 [Worker-37: Building workspace] INFO  o.e.m.c.i.embedder.EclipseLogger - skip non existing resourceDirectory E:\SEW\3 - XML\Ejercicio-3-4\EclipseWorkspace\Ejercicio_3\src\main\resources
2019-11-11 05:30:32,372 [Worker-37: Building workspace] INFO  o.e.m.c.i.embedder.EclipseLogger - Using 'UTF-8' encoding to copy filtered resources.
2019-11-11 05:30:32,372 [Worker-37: Building workspace] INFO  o.e.m.c.i.embedder.EclipseLogger - skip non existing resourceDirectory E:\SEW\3 - XML\Ejercicio-3-4\EclipseWorkspace\Ejercicio_3\src\test\resources
2019-11-11 05:30:43,540 [Worker-31: Building workspace] INFO  o.e.m.c.i.embedder.EclipseLogger - Using 'UTF-8' encoding to copy filtered resources.
2019-11-11 05:30:43,540 [Worker-31: Building workspace] INFO  o.e.m.c.i.embedder.EclipseLogger - skip non existing resourceDirectory E:\SEW\3 - XML\Ejercicio-3-4\EclipseWorkspace\Ejercicio_3\src\main\resources
2019-11-11 05:30:43,541 [Worker-31: Building workspace] INFO  o.e.m.c.i.embedder.EclipseLogger - Using 'UTF-8' encoding to copy filtered resources.
2019-11-11 05:30:43,541 [Worker-31: Building workspace] INFO  o.e.m.c.i.embedder.EclipseLogger - skip non existing resourceDirectory E:\SEW\3 - XML\Ejercicio-3-4\EclipseWorkspace\Ejercicio_3\src\test\resources
2019-11-11 05:30:50,464 [Worker-36: Building workspace] INFO  o.e.m.c.i.embedder.EclipseLogger - Using 'UTF-8' encoding to copy filtered resources.
2019-11-11 05:30:50,464 [Worker-36: Building workspace] INFO  o.e.m.c.i.embedder.EclipseLogger - skip non existing resourceDirectory E:\SEW\3 - XML\Ejercicio-3-4\EclipseWorkspace\Ejercicio_3\src\main\resources
2019-11-11 05:30:50,465 [Worker-36: Building workspace] INFO  o.e.m.c.i.embedder.EclipseLogger - Using 'UTF-8' encoding to copy filtered resources.
2019-11-11 05:30:50,465 [Worker-36: Building workspace] INFO  o.e.m.c.i.embedder.EclipseLogger - skip non existing resourceDirectory E:\SEW\3 - XML\Ejercicio-3-4\EclipseWorkspace\Ejercicio_3\src\test\resources
2019-11-11 05:31:25,881 [Worker-3: Loading available Gradle versions] INFO  o.e.b.c.i.u.g.PublishedGradleVersions - Gradle version information cache is up-to-date. Trying to read.
2019-11-11 05:31:53,009 [Worker-15: Building workspace] INFO  o.e.m.c.i.l.LifecycleMappingFactory - Using org.eclipse.m2e.jdt.JarLifecycleMapping lifecycle mapping for MavenProject: app:Ejercicio_3:0.0.1-SNAPSHOT @ E:\SEW\3 - XML\Ejercicio-3-4\EclipseWorkspace\canal_suarez_pablo_XML_ejercicios_3_4\pom.xml.
2019-11-11 05:31:53,027 [Worker-15: Building workspace] WARN  o.e.m.c.i.embedder.EclipseLogger - The artifact javax.xml:jaxb-api:jar:2.1 has been relocated to javax.xml.bind:jaxb-api:jar:2.1
2019-11-11 05:31:53,626 [Worker-15: Building workspace] INFO  o.e.m.c.i.embedder.EclipseLogger - Using 'UTF-8' encoding to copy filtered resources.
2019-11-11 05:31:53,626 [Worker-15: Building workspace] INFO  o.e.m.c.i.embedder.EclipseLogger - skip non existing resourceDirectory E:\SEW\3 - XML\Ejercicio-3-4\EclipseWorkspace\canal_suarez_pablo_XML_ejercicios_3_4\src\main\resources
2019-11-11 05:31:53,628 [Worker-15: Building workspace] INFO  o.e.m.c.i.embedder.EclipseLogger - Using 'UTF-8' encoding to copy filtered resources.
2019-11-11 05:31:53,628 [Worker-15: Building workspace] INFO  o.e.m.c.i.embedder.EclipseLogger - skip non existing resourceDirectory E:\SEW\3 - XML\Ejercicio-3-4\EclipseWorkspace\canal_suarez_pablo_XML_ejercicios_3_4\src\test\resources
2019-11-11 05:31:56,789 [Worker-12: Building workspace] WARN  o.e.m.c.i.embedder.EclipseLogger - The artifact javax.xml:jaxb-api:jar:2.1 has been relocated to javax.xml.bind:jaxb-api:jar:2.1
2019-11-11 05:31:56,821 [Worker-12: Building workspace] INFO  o.e.m.c.i.embedder.EclipseLogger - Using 'UTF-8' encoding to copy filtered resources.
2019-11-11 05:31:56,822 [Worker-12: Building workspace] INFO  o.e.m.c.i.embedder.EclipseLogger - skip non existing resourceDirectory E:\SEW\3 - XML\Ejercicio-3-4\EclipseWorkspace\canal_suarez_pablo_XML_ejercicios_3_4\src\main\resources
2019-11-11 05:31:56,823 [Worker-12: Building workspace] INFO  o.e.m.c.i.embedder.EclipseLogger - Using 'UTF-8' encoding to copy filtered resources.
2019-11-11 05:31:56,823 [Worker-12: Building workspace] INFO  o.e.m.c.i.embedder.EclipseLogger - skip non existing resourceDirectory E:\SEW\3 - XML\Ejercicio-3-4\EclipseWorkspace\canal_suarez_pablo_XML_ejercicios_3_4\src\test\resources
2019-11-11 05:33:52,836 [Worker-0: Loading available Gradle versions] INFO  o.e.b.c.i.u.g.PublishedGradleVersions - Gradle version information cache is up-to-date. Trying to read.
